2024-11-29 21:34:09,206 [INFO] Activator:176 - 


2024-11-29 21:34:09,217 [INFO] Activator:177 - !SESSION log4j initialized
2024-11-29 21:34:21,289 [INFO] LogOutputStream:77 - [STDOUT_REDIRECT] 
2024-11-29 21:34:24,117 [INFO] ApplicationProperties:184 - Using Application install path: C:\ST\STM32CubeIDE_1.13.2\STM32CubeIDE\plugins\com.st.stm32cube.common.mx_6.9.2.202309101412
2024-11-29 21:34:24,150 [INFO] DbMcusXml:78 - Set database path to: C:\ST\STM32CubeIDE_1.13.2\STM32CubeIDE\plugins\com.st.stm32cube.common.mx_6.9.2.202309101412\\db\/mcu/
2024-11-29 21:34:24,150 [INFO] ApiDb:274 - Set plugin database path to: C:\ST\STM32CubeIDE_1.13.2\STM32CubeIDE\plugins\com.st.stm32cube.common.mx_6.9.2.202309101412\\db\/plugins/boardmanager/
2024-11-29 21:34:24,151 [WARN] ApiDb:259 - Overriding images path with different value:  => C:\ST\STM32CubeIDE_1.13.2\STM32CubeIDE\plugins\com.st.stm32cube.common.mx_6.9.2.202309101412\\db\/plugins/mcufinder/images/
2024-11-29 21:34:24,183 [INFO] ApiDb:250 - Set database path to: C:\Users\HP\.stmcufinder\plugins\mcufinder//mcu/
2024-11-29 21:34:24,185 [INFO] DbMcusAds:125 - Set database path to: C:\Users\HP\.stmcufinder\plugins\mcufinder//mcu/
2024-11-29 21:34:24,188 [INFO] CrossReferenceDbSqlite:203 - Set database path to: C:\Users\HP\.stmcufinder\plugins\mcufinder//mcu/cs/
2024-11-29 21:34:24,405 [INFO] RulesReader:64 - Compatibility file has been processed (293 Rules)
2024-11-29 21:34:24,558 [INFO] DbMcusXml:78 - Set database path to: C:\ST\STM32CubeIDE_1.13.2\STM32CubeIDE\plugins\com.st.stm32cube.common.mx_6.9.2.202309101412\\db\/mcu/
2024-11-29 21:34:24,559 [INFO] ApiDb:274 - Set plugin database path to: C:\ST\STM32CubeIDE_1.13.2\STM32CubeIDE\plugins\com.st.stm32cube.common.mx_6.9.2.202309101412\\db\/plugins/boardmanager/
2024-11-29 21:34:24,559 [INFO] ApiDb:261 - Set plugin images path to: C:\ST\STM32CubeIDE_1.13.2\STM32CubeIDE\plugins\com.st.stm32cube.common.mx_6.9.2.202309101412\\db\/plugins/mcufinder/images/
2024-11-29 21:34:24,559 [WARN] DbFile:41 - Overriding database path with different value: C:\Users\HP\.stmcufinder\plugins\mcufinder/ => C:\Users\HP\.stmcufinder\plugins\mcufinder
2024-11-29 21:34:24,560 [INFO] ApiDb:250 - Set database path to: C:\Users\HP\.stmcufinder\plugins\mcufinder//mcu/
2024-11-29 21:34:24,560 [WARN] DbFile:41 - Overriding database path with different value: C:\Users\HP\.stmcufinder\plugins\mcufinder/ => C:\Users\HP\.stmcufinder\plugins\mcufinder
2024-11-29 21:34:24,560 [INFO] DbMcusAds:125 - Set database path to: C:\Users\HP\.stmcufinder\plugins\mcufinder//mcu/
2024-11-29 21:34:24,560 [WARN] DbFile:41 - Overriding database path with different value: C:\Users\HP\.stmcufinder\plugins\mcufinder/ => C:\Users\HP\.stmcufinder\plugins\mcufinder
2024-11-29 21:34:24,561 [WARN] DbFile:41 - Overriding database path with different value: C:\Users\HP\.stmcufinder\plugins\mcufinder/ => C:\Users\HP\.stmcufinder\plugins\mcufinder
2024-11-29 21:34:24,561 [INFO] CrossReferenceDbSqlite:203 - Set database path to: C:\Users\HP\.stmcufinder\plugins\mcufinder//mcu/cs/
2024-11-29 21:34:24,718 [INFO] MainPanel:262 - HeapMemory: 268435456
2024-11-29 21:34:24,891 [INFO] DbMcusXml:78 - Set database path to: C:\ST\STM32CubeIDE_1.13.2\STM32CubeIDE\plugins\com.st.stm32cube.common.mx_6.9.2.202309101412\\db\/mcu/
2024-11-29 21:34:24,891 [INFO] ApiDb:274 - Set plugin database path to: C:\ST\STM32CubeIDE_1.13.2\STM32CubeIDE\plugins\com.st.stm32cube.common.mx_6.9.2.202309101412\\db\/plugins/boardmanager/
2024-11-29 21:34:24,891 [INFO] ApiDb:261 - Set plugin images path to: C:\ST\STM32CubeIDE_1.13.2\STM32CubeIDE\plugins\com.st.stm32cube.common.mx_6.9.2.202309101412\\db\/plugins/mcufinder/images/
2024-11-29 21:34:24,892 [WARN] DbFile:41 - Overriding database path with different value: C:\Users\HP\.stmcufinder\plugins\mcufinder/ => C:\Users\HP\.stmcufinder\plugins\mcufinder
2024-11-29 21:34:24,893 [INFO] ApiDb:250 - Set database path to: C:\Users\HP\.stmcufinder\plugins\mcufinder//mcu/
2024-11-29 21:34:24,893 [WARN] DbFile:41 - Overriding database path with different value: C:\Users\HP\.stmcufinder\plugins\mcufinder/ => C:\Users\HP\.stmcufinder\plugins\mcufinder
2024-11-29 21:34:24,893 [INFO] DbMcusAds:125 - Set database path to: C:\Users\HP\.stmcufinder\plugins\mcufinder//mcu/
2024-11-29 21:34:24,893 [WARN] DbFile:41 - Overriding database path with different value: C:\Users\HP\.stmcufinder\plugins\mcufinder/ => C:\Users\HP\.stmcufinder\plugins\mcufinder
2024-11-29 21:34:24,893 [WARN] DbFile:41 - Overriding database path with different value: C:\Users\HP\.stmcufinder\plugins\mcufinder/ => C:\Users\HP\.stmcufinder\plugins\mcufinder
2024-11-29 21:34:24,894 [INFO] CrossReferenceDbSqlite:203 - Set database path to: C:\Users\HP\.stmcufinder\plugins\mcufinder//mcu/cs/
2024-11-29 21:34:24,931 [INFO] ApplicationProperties:184 - Using Application install path: C:\ST\STM32CubeIDE_1.13.2\STM32CubeIDE\plugins\com.st.stm32cube.common.mx_6.9.2.202309101412
2024-11-29 21:34:24,933 [INFO] PluginManage:196 - Search for loadable plugins [exclusion list=, ]
2024-11-29 21:34:24,935 [INFO] PluginManage:310 - Check plugin analytics
2024-11-29 21:34:25,219 [INFO] AnalyticsPlugin:253 - Accepted Software Licenses: STM32CubeMX.6.9.2
2024-11-29 21:34:25,220 [INFO] AnalyticsPlugin:255 - Accepted CMSIS Pack Licenses: 
2024-11-29 21:34:25,220 [INFO] AnalyticsPlugin:257 - Accepted Firmware Licenses: FW.F4.1.27.0
2024-11-29 21:34:25,226 [INFO] PluginManage:359 - Loaded plugin analytics (category:tool,tabindex:-1)
2024-11-29 21:34:25,227 [INFO] PluginManage:310 - Check plugin cadmodel
2024-11-29 21:34:25,263 [INFO] CADModel:105 - Init CAD model plugin
2024-11-29 21:34:25,263 [INFO] PluginManage:359 - Loaded plugin cadmodel (category:power,tabindex:5)
2024-11-29 21:34:25,263 [INFO] PluginManage:310 - Check plugin clock
2024-11-29 21:34:25,303 [INFO] PluginManage:359 - Loaded plugin clock (category:base,tabindex:2)
2024-11-29 21:34:25,304 [INFO] PluginManage:310 - Check plugin ddr
2024-11-29 21:34:25,307 [INFO] PluginManage:359 - Loaded plugin ddr (category:tool,tabindex:6)
2024-11-29 21:34:25,307 [INFO] PluginManage:310 - Check plugin filemanager
2024-11-29 21:34:25,600 [INFO] PluginManage:359 - Loaded plugin filemanager (category:base,tabindex:10)
2024-11-29 21:34:25,600 [INFO] PluginManage:310 - Check plugin ipmanager
2024-11-29 21:34:25,613 [INFO] PluginManage:359 - Loaded plugin ipmanager (category:base,tabindex:5)
2024-11-29 21:34:25,614 [INFO] PluginManage:310 - Check plugin lpbam
2024-11-29 21:34:25,654 [INFO] PluginManage:359 - Loaded plugin lpbam (category:base,tabindex:0)
2024-11-29 21:34:25,654 [INFO] PluginManage:310 - Check plugin memorymap
2024-11-29 21:34:25,698 [INFO] PluginManage:359 - Loaded plugin memorymap (category:base,tabindex:4)
2024-11-29 21:34:25,699 [INFO] PluginManage:310 - Check plugin pinoutandconfiguration
2024-11-29 21:34:25,734 [INFO] PluginManage:359 - Loaded plugin pinoutandconfiguration (category:base,tabindex:1)
2024-11-29 21:34:25,735 [INFO] PluginManage:310 - Check plugin pinoutconfig
2024-11-29 21:34:25,927 [WARN] SupportedApi:132 - Cannot load RTOS API schema: s4s-elt-must-match.1: The content of 'definitions' must match (annotation?, (simpleType | complexType)?, (unique | key | keyref)*)). A problem was found starting at: attribute.
2024-11-29 21:34:26,196 [INFO] PluginManage:359 - Loaded plugin pinoutconfig (category:base,tabindex:0)
2024-11-29 21:34:26,197 [INFO] PluginManage:310 - Check plugin power
2024-11-29 21:34:26,241 [INFO] PluginManage:359 - Loaded plugin power (category:power,tabindex:4)
2024-11-29 21:34:26,242 [INFO] PluginManage:310 - Check plugin projectmanager
2024-11-29 21:34:26,269 [INFO] PluginManage:359 - Loaded plugin projectmanager (category:projectmanager,tabindex:3)
2024-11-29 21:34:26,270 [INFO] PluginManage:310 - Check plugin thirdparty
2024-11-29 21:34:26,840 [WARN] IntegrityCheckThread:84 - waiting for thirdparty lock release [integrity check]
2024-11-29 21:34:26,840 [INFO] PluginManage:359 - Loaded plugin thirdparty (category:base,tabindex:-1)
2024-11-29 21:34:26,840 [INFO] PluginManage:310 - Check plugin tools
2024-11-29 21:34:26,840 [INFO] IntegrityCheckThread:86 - entering critical section [integrity check]
2024-11-29 21:34:26,841 [INFO] ThirdPartyUpdaterWithRetryManager:70 - Updater plugin not ready yet. [1/15]
2024-11-29 21:34:26,909 [INFO] PluginManage:359 - Loaded plugin tools (category:base,tabindex:7)
2024-11-29 21:34:26,910 [INFO] PluginManage:310 - Check plugin tutovideos
2024-11-29 21:34:27,222 [INFO] PluginManage:359 - Loaded plugin tutovideos (category:base,tabindex:-1)
2024-11-29 21:34:27,222 [INFO] PluginManage:310 - Check plugin updater
2024-11-29 21:34:27,245 [INFO] PluginManage:359 - Loaded plugin updater (category:base,tabindex:12)
2024-11-29 21:34:27,245 [INFO] PluginManage:310 - Check plugin userauth
2024-11-29 21:34:27,252 [INFO] UserAuth:113 - Init User Auth plugin
2024-11-29 21:34:27,253 [INFO] PluginManage:359 - Loaded plugin userauth (category:base,tabindex:14)
2024-11-29 21:34:27,253 [INFO] PluginManage:283 - PluginManage : Loaded plugins [17]
2024-11-29 21:34:27,646 [INFO] PinOutPanel:1499 - setPackage(No Configuration,No Configuration)
2024-11-29 21:34:27,843 [INFO] CADModel:165 - CPN selected for project level
2024-11-29 21:34:27,844 [INFO] CADModel:114 - Register for checkConnection events
2024-11-29 21:34:27,882 [INFO] IPUIPlugin:80 - create IPUIPlugin
2024-11-29 21:34:27,882 [INFO] PluginManager:220 - loadIPPluginJar : add adc
2024-11-29 21:34:27,947 [INFO] IPUIPlugin:80 - create IPUIPlugin
2024-11-29 21:34:27,947 [INFO] PluginManager:220 - loadIPPluginJar : add aes
2024-11-29 21:34:28,017 [INFO] IPUIPlugin:80 - create IPUIPlugin
2024-11-29 21:34:28,017 [INFO] PluginManager:220 - loadIPPluginJar : add can
2024-11-29 21:34:28,056 [INFO] IPUIPlugin:80 - create IPUIPlugin
2024-11-29 21:34:28,056 [INFO] PluginManager:220 - loadIPPluginJar : add comp
2024-11-29 21:34:28,116 [INFO] IPUIPlugin:80 - create IPUIPlugin
2024-11-29 21:34:28,116 [INFO] PluginManager:220 - loadIPPluginJar : add cryp
2024-11-29 21:34:28,168 [INFO] IPUIPlugin:80 - create IPUIPlugin
2024-11-29 21:34:28,168 [INFO] PluginManager:220 - loadIPPluginJar : add dfsdm
2024-11-29 21:34:28,191 [INFO] IPUIPlugin:80 - create IPUIPlugin
2024-11-29 21:34:28,191 [INFO] PluginManager:220 - loadIPPluginJar : add dma
2024-11-29 21:34:28,266 [INFO] IPUIPlugin:80 - create IPUIPlugin
2024-11-29 21:34:28,267 [INFO] PluginManager:220 - loadIPPluginJar : add dma3
2024-11-29 21:34:28,303 [INFO] IPUIPlugin:80 - create IPUIPlugin
2024-11-29 21:34:28,303 [INFO] PluginManager:220 - loadIPPluginJar : add fatfs
2024-11-29 21:34:28,392 [INFO] IPUIPlugin:80 - create IPUIPlugin
2024-11-29 21:34:28,392 [INFO] PluginManager:220 - loadIPPluginJar : add fmc
2024-11-29 21:34:28,419 [INFO] IPUIPlugin:80 - create IPUIPlugin
2024-11-29 21:34:28,420 [INFO] PluginManager:220 - loadIPPluginJar : add freertos
2024-11-29 21:34:28,461 [INFO] IPUIPlugin:80 - create IPUIPlugin
2024-11-29 21:34:28,462 [INFO] PluginManager:220 - loadIPPluginJar : add genericplugin
2024-11-29 21:34:28,643 [INFO] IPUIPlugin:80 - create IPUIPlugin
2024-11-29 21:34:28,643 [INFO] PluginManager:220 - loadIPPluginJar : add gfxmmu
2024-11-29 21:34:28,937 [INFO] IPUIPlugin:80 - create IPUIPlugin
2024-11-29 21:34:28,938 [INFO] PluginManager:220 - loadIPPluginJar : add gic
2024-11-29 21:34:28,961 [INFO] IPUIPlugin:80 - create IPUIPlugin
2024-11-29 21:34:28,962 [INFO] PluginManager:220 - loadIPPluginJar : add gpio
2024-11-29 21:34:29,165 [INFO] IPUIPlugin:80 - create IPUIPlugin
2024-11-29 21:34:29,165 [INFO] PluginManager:220 - loadIPPluginJar : add gtzc
2024-11-29 21:34:29,229 [INFO] IPUIPlugin:80 - create IPUIPlugin
2024-11-29 21:34:29,229 [INFO] PluginManager:220 - loadIPPluginJar : add hash
2024-11-29 21:34:29,336 [INFO] IPUIPlugin:80 - create IPUIPlugin
2024-11-29 21:34:29,336 [INFO] PluginManager:220 - loadIPPluginJar : add i2c
2024-11-29 21:34:29,415 [INFO] IPUIPlugin:80 - create IPUIPlugin
2024-11-29 21:34:29,416 [INFO] PluginManager:220 - loadIPPluginJar : add i2s
2024-11-29 21:34:29,497 [INFO] IPUIPlugin:80 - create IPUIPlugin
2024-11-29 21:34:29,497 [INFO] PluginManager:220 - loadIPPluginJar : add i3c
2024-11-29 21:34:29,711 [INFO] IPUIPlugin:80 - create IPUIPlugin
2024-11-29 21:34:29,711 [INFO] PluginManager:220 - loadIPPluginJar : add ipddr
2024-11-29 21:34:29,845 [INFO] ThirdPartyUpdaterWithRetryManager:70 - Updater plugin not ready yet. [2/15]
2024-11-29 21:34:29,926 [INFO] IPUIPlugin:80 - create IPUIPlugin
2024-11-29 21:34:29,926 [INFO] PluginManager:220 - loadIPPluginJar : add linkedlist
2024-11-29 21:34:30,001 [INFO] IPUIPlugin:80 - create IPUIPlugin
2024-11-29 21:34:30,001 [INFO] PluginManager:220 - loadIPPluginJar : add lorawan
2024-11-29 21:34:30,077 [INFO] IPUIPlugin:80 - create IPUIPlugin
2024-11-29 21:34:30,077 [INFO] PluginManager:220 - loadIPPluginJar : add ltdc
2024-11-29 21:34:30,101 [INFO] IPUIPlugin:80 - create IPUIPlugin
2024-11-29 21:34:30,101 [INFO] PluginManager:220 - loadIPPluginJar : add mdma
2024-11-29 21:34:30,126 [INFO] IPUIPlugin:80 - create IPUIPlugin
2024-11-29 21:34:30,127 [INFO] PluginManager:220 - loadIPPluginJar : add nvic
2024-11-29 21:34:30,228 [INFO] IPUIPlugin:80 - create IPUIPlugin
2024-11-29 21:34:30,228 [INFO] PluginManager:220 - loadIPPluginJar : add opamp
2024-11-29 21:34:30,378 [INFO] IPUIPlugin:80 - create IPUIPlugin
2024-11-29 21:34:30,378 [INFO] PluginManager:220 - loadIPPluginJar : add openamp
2024-11-29 21:34:30,503 [INFO] IPUIPlugin:80 - create IPUIPlugin
2024-11-29 21:34:30,503 [INFO] PluginManager:220 - loadIPPluginJar : add pdm2pcm
2024-11-29 21:34:30,537 [INFO] IPUIPlugin:80 - create IPUIPlugin
2024-11-29 21:34:30,542 [INFO] PluginManager:220 - loadIPPluginJar : add plateformsettings
2024-11-29 21:34:30,590 [INFO] IPUIPlugin:80 - create IPUIPlugin
2024-11-29 21:34:30,590 [INFO] PluginManager:220 - loadIPPluginJar : add quadspi
2024-11-29 21:34:30,622 [INFO] IPUIPlugin:80 - create IPUIPlugin
2024-11-29 21:34:30,622 [INFO] PluginManager:220 - loadIPPluginJar : add resmgrutility
2024-11-29 21:34:30,749 [INFO] IPUIPlugin:80 - create IPUIPlugin
2024-11-29 21:34:30,750 [INFO] PluginManager:220 - loadIPPluginJar : add sai
2024-11-29 21:34:30,846 [INFO] IPUIPlugin:80 - create IPUIPlugin
2024-11-29 21:34:30,846 [INFO] PluginManager:220 - loadIPPluginJar : add spi
2024-11-29 21:34:30,978 [INFO] IPUIPlugin:80 - create IPUIPlugin
2024-11-29 21:34:30,978 [INFO] PluginManager:220 - loadIPPluginJar : add stm32_wpan
2024-11-29 21:34:31,021 [INFO] IPUIPlugin:80 - create IPUIPlugin
2024-11-29 21:34:31,021 [INFO] PluginManager:220 - loadIPPluginJar : add tim
2024-11-29 21:34:31,151 [INFO] IPUIPlugin:80 - create IPUIPlugin
2024-11-29 21:34:31,152 [INFO] PluginManager:220 - loadIPPluginJar : add touchsensing
2024-11-29 21:34:31,204 [INFO] IPUIPlugin:80 - create IPUIPlugin
2024-11-29 21:34:31,204 [INFO] PluginManager:220 - loadIPPluginJar : add tracer_emb
2024-11-29 21:34:31,248 [INFO] IPUIPlugin:80 - create IPUIPlugin
2024-11-29 21:34:31,249 [INFO] PluginManager:220 - loadIPPluginJar : add ts
2024-11-29 21:34:31,291 [INFO] IPUIPlugin:80 - create IPUIPlugin
2024-11-29 21:34:31,291 [INFO] PluginManager:220 - loadIPPluginJar : add tsc
2024-11-29 21:34:31,339 [INFO] IPUIPlugin:80 - create IPUIPlugin
2024-11-29 21:34:31,339 [INFO] PluginManager:220 - loadIPPluginJar : add ucpd
2024-11-29 21:34:31,414 [INFO] IPUIPlugin:80 - create IPUIPlugin
2024-11-29 21:34:31,414 [INFO] PluginManager:220 - loadIPPluginJar : add usart
2024-11-29 21:34:31,487 [INFO] IPUIPlugin:80 - create IPUIPlugin
2024-11-29 21:34:31,487 [INFO] PluginManager:220 - loadIPPluginJar : add usbx
2024-11-29 21:34:31,655 [INFO] CADModel:165 - CPN selected for project level
2024-11-29 21:34:31,655 [INFO] CADModel:114 - Register for checkConnection events
2024-11-29 21:34:31,655 [FATAL] Updater:308 - Updater called before beeing initialized
2024-11-29 21:34:31,656 [ERROR] CADModel:125 - Updater not yet initialized, retry later 
2024-11-29 21:34:31,867 [INFO] CADModel:165 - CPN selected for project level
2024-11-29 21:34:31,867 [INFO] CADModel:114 - Register for checkConnection events
2024-11-29 21:34:31,867 [FATAL] Updater:308 - Updater called before beeing initialized
2024-11-29 21:34:31,868 [ERROR] CADModel:125 - Updater not yet initialized, retry later 
2024-11-29 21:34:31,874 [FATAL] Updater:308 - Updater called before beeing initialized
2024-11-29 21:34:32,078 [FATAL] Updater:308 - Updater called before beeing initialized
2024-11-29 21:34:32,098 [INFO] DbMcusAds:53 - JSON generation date=Fri Sep 20 20:04:38 ICT 2024 (1726837478367)
2024-11-29 21:34:32,098 [FATAL] Updater:308 - Updater called before beeing initialized
2024-11-29 21:34:32,233 [WARN] DetailPanel:346 - Failed to get advertising image, set to default
2024-11-29 21:34:32,394 [FATAL] Updater:308 - Updater called before beeing initialized
2024-11-29 21:34:32,398 [FATAL] Updater:308 - Updater called before beeing initialized
2024-11-29 21:34:32,398 [FATAL] Updater:308 - Updater called before beeing initialized
2024-11-29 21:34:32,399 [WARN] DetailPanel:346 - Failed to get advertising image, set to default
2024-11-29 21:34:32,401 [FATAL] Updater:308 - Updater called before beeing initialized
2024-11-29 21:34:32,548 [ERROR] Updater:1120 - MainUpdater not yet initialized. External WinMGr cannot be set.
2024-11-29 21:34:32,570 [INFO] Updater:1056 - Updater Version found : 6.9.2
2024-11-29 21:34:32,602 [INFO] ApplicationProperties:184 - Using Application install path: C:\ST\STM32CubeIDE_1.13.2\STM32CubeIDE\plugins\com.st.stm32cube.common.mx_6.9.2.202309101412
2024-11-29 21:34:32,849 [INFO] ThirdPartyUpdaterWithRetryManager:70 - Updater plugin not ready yet. [3/15]
2024-11-29 21:34:33,575 [INFO] MainUpdater:2868 - connection check result : 10
2024-11-29 21:34:33,577 [INFO] MainUpdater:285 - Updater Check For Update Now.
2024-11-29 21:34:33,577 [INFO] MicroXplorer:498 - Change Database Version : DB.6.0.92
2024-11-29 21:34:33,616 [INFO] McuFinderGlobals:63 - Set McuFinder mode to 2 (CubeIDE integrated)
2024-11-29 21:34:34,142 [INFO] CheckServerUpdateThread:120 - End of CheckServer Thread
2024-11-29 21:34:36,330 [WARN] PackLoader:240 - Cannot read IP mode file for STMicroelectronics.FP-SNS-MOTENVWB1.1.4.0
2024-11-29 21:34:36,360 [WARN] PackLoader:240 - Cannot read IP mode file for STMicroelectronics.FP-ATR-ASTRA1.2.0.1
2024-11-29 21:34:36,383 [WARN] PackLoader:240 - Cannot read IP mode file for STMicroelectronics.X-CUBE-SMBUS.2.1.0
2024-11-29 21:34:36,416 [WARN] PackLoader:240 - Cannot read IP mode file for STMicroelectronics.X-CUBE-WB05N.1.1.0
2024-11-29 21:34:36,452 [WARN] PackLoader:240 - Cannot read IP mode file for STMicroelectronics.X-CUBE-TOUCHGFX.4.23.0
2024-11-29 21:34:36,591 [WARN] PackLoader:240 - Cannot read IP mode file for STMicroelectronics.X-CUBE-AZRTOS-F7.1.1.0
2024-11-29 21:34:36,652 [WARN] PackLoader:240 - Cannot read IP mode file for STMicroelectronics.FP-SNS-MOTENV1.4.3.2
2024-11-29 21:34:37,026 [WARN] PackLoader:240 - Cannot read IP mode file for STMicroelectronics.X-CUBE-MEMS1.11.0.0
2024-11-29 21:34:37,509 [WARN] PackLoader:240 - Cannot read IP mode file for STMicroelectronics.FP-SNS-FLIGHT1.5.0.2
2024-11-29 21:34:37,543 [WARN] PackLoader:240 - Cannot read IP mode file for STMicroelectronics.X-CUBE-DISPLAY.3.0.0
2024-11-29 21:34:37,584 [WARN] PackLoader:240 - Cannot read IP mode file for STMicroelectronics.X-CUBE-BLE1.7.0.0
2024-11-29 21:34:37,623 [WARN] PackLoader:240 - Cannot read IP mode file for STMicroelectronics.X-CUBE-NFC10.1.0.0
2024-11-29 21:34:37,658 [WARN] PackLoader:240 - Cannot read IP mode file for emotas.I-CUBE-CANOPEN.1.3.0
2024-11-29 21:34:37,690 [WARN] PackLoader:240 - Cannot read IP mode file for STMicroelectronics.X-CUBE-TOUCHGFX.4.22.0
2024-11-29 21:34:37,719 [WARN] PackLoader:240 - Cannot read IP mode file for STMicroelectronics.X-CUBE-TOUCHGFX.4.22.1
2024-11-29 21:34:37,767 [WARN] PackLoader:240 - Cannot read IP mode file for STMicroelectronics.X-CUBE-BLEMGR.3.1.0
2024-11-29 21:34:37,804 [WARN] PackLoader:240 - Cannot read IP mode file for STMicroelectronics.FP-SNS-SMARTAG2.1.2.0
2024-11-29 21:34:37,854 [INFO] LogOutputStream:77 - [STDOUT_REDIRECT] 1 : Invalid condition id : UX_CORESTACK_Condition cause : null
2024-11-29 21:34:37,855 [INFO] LogOutputStream:77 - [STDOUT_REDIRECT] 1 : Invalid condition id : UX_CORESTACK_Condition cause : null
2024-11-29 21:34:37,859 [INFO] LogOutputStream:77 - [STDOUT_REDIRECT] 1 : Invalid condition id : UX_CORESTACK_Condition cause : null
2024-11-29 21:34:37,863 [INFO] LogOutputStream:77 - [STDOUT_REDIRECT] 1 : Invalid condition id : UX_CORESTACK_Condition cause : null
2024-11-29 21:34:37,866 [INFO] LogOutputStream:77 - [STDOUT_REDIRECT] 1 : Invalid condition id : UX_CORESTACK_Condition cause : null
2024-11-29 21:34:37,876 [WARN] PackLoader:240 - Cannot read IP mode file for STMicroelectronics.X-CUBE-AZRTOS-WL.2.0.0
2024-11-29 21:34:37,925 [WARN] PackLoader:240 - Cannot read IP mode file for STMicroelectronics.FP-SNS-MOTENV1.5.0.0
2024-11-29 21:34:37,955 [WARN] PackLoader:240 - Cannot read IP mode file for wolfSSL.I-CUBE-wolfMQTT.1.19.0
2024-11-29 21:34:37,990 [WARN] PackLoader:240 - Cannot read IP mode file for WES.I-CUBE-Cesium.1.3.0
2024-11-29 21:34:38,025 [WARN] PackLoader:240 - Cannot read IP mode file for STMicroelectronics.X-CUBE-BLE2.3.3.0
2024-11-29 21:34:38,064 [WARN] PackLoader:240 - Cannot read IP mode file for STMicroelectronics.X-CUBE-NFC9.1.0.0
2024-11-29 21:34:38,098 [WARN] PackLoader:240 - Cannot read IP mode file for STMicroelectronics.X-CUBE-TCPP.4.1.0
2024-11-29 21:34:38,136 [WARN] PackLoader:240 - Cannot read IP mode file for STMicroelectronics.X-CUBE-ALGOBUILD.1.3.0
2024-11-29 21:34:38,216 [WARN] PackLoader:240 - Cannot read IP mode file for STMicroelectronics.X-CUBE-AZRTOS-G0.1.1.0
2024-11-29 21:34:38,261 [WARN] PackLoader:240 - Cannot read IP mode file for STMicroelectronics.X-CUBE-SAFEA1.1.2.2
2024-11-29 21:34:38,307 [WARN] PackLoader:240 - Cannot read IP mode file for STMicroelectronics.X-CUBE-NFC4.3.0.0
2024-11-29 21:34:38,378 [WARN] PackLoader:240 - Cannot read IP mode file for STMicroelectronics.X-CUBE-BLEMGR.3.0.0
2024-11-29 21:34:38,412 [ERROR] Engine:466 - C:\Users\HP\.stm32cubemx\thirdparties\pdsc\RealThread.X-CUBE-RT-Thread_Nano.4.1.1.pdsc: PDSC version is not supported
2024-11-29 21:34:38,438 [WARN] PackLoader:240 - Cannot read IP mode file for STMicroelectronics.FP-ATR-SIGFOX1.3.2.0
2024-11-29 21:34:38,461 [ERROR] Engine:466 - C:\Users\HP\.stm32cubemx\thirdparties\pdsc\quantropi.X-CUBE-qispace-sdk-base.1.9.3.pdsc: PDSC version is not supported
2024-11-29 21:34:38,494 [WARN] PackLoader:240 - Cannot read IP mode file for STMicroelectronics.X-CUBE-EEPRMA1.5.1.0
2024-11-29 21:34:38,606 [WARN] PackLoader:240 - Cannot read IP mode file for SEGGER.I-CUBE-embOS.1.3.1
2024-11-29 21:34:38,719 [WARN] PackLoader:240 - Cannot read IP mode file for STMicroelectronics.X-CUBE-ALGOBUILD.1.4.0
2024-11-29 21:34:38,752 [WARN] PackLoader:240 - Cannot read IP mode file for STMicroelectronics.X-CUBE-AI.9.1.0
2024-11-29 21:34:38,788 [WARN] PackLoader:240 - Cannot read IP mode file for STMicroelectronics.X-CUBE-GNSS1.6.0.0
2024-11-29 21:34:38,852 [WARN] PackLoader:240 - Cannot read IP mode file for STMicroelectronics.X-CUBE-AZRTOS-F4.1.1.0
2024-11-29 21:34:38,885 [WARN] PackLoader:240 - Cannot read IP mode file for wolfSSL.I-CUBE-wolfSSL.5.6.3
2024-11-29 21:34:38,916 [WARN] PackLoader:240 - Cannot read IP mode file for STMicroelectronics.X-CUBE-ISPU.2.1.0
2024-11-29 21:34:38,946 [WARN] PackLoader:240 - Cannot read IP mode file for STMicroelectronics.X-CUBE-FREERTOS.1.2.0
2024-11-29 21:34:39,008 [WARN] PackLoader:240 - Cannot read IP mode file for STMicroelectronics.X-CUBE-AZRTOS-L5.2.0.0
2024-11-29 21:34:39,154 [WARN] PackLoader:240 - Cannot read IP mode file for STMicroelectronics.X-CUBE-MEMS1.9.6.0
2024-11-29 21:34:39,521 [WARN] PackLoader:240 - Cannot read IP mode file for STMicroelectronics.X-CUBE-EEPRMA1.4.2.0
2024-11-29 21:34:39,560 [WARN] PackLoader:240 - Cannot read IP mode file for STMicroelectronics.X-CUBE-NFC6.3.1.0
2024-11-29 21:34:39,597 [WARN] PackLoader:240 - Cannot read IP mode file for ITTIA_DB.I-CUBE-ITTIADB.8.8.0
2024-11-29 21:34:39,632 [WARN] PackLoader:240 - Cannot read IP mode file for STMicroelectronics.X-CUBE-BLEMGR.2.0.0
2024-11-29 21:34:39,661 [ERROR] Engine:466 - C:\Users\HP\.stm32cubemx\thirdparties\pdsc\STMicroelectronics.X-CUBE-DPower.1.2.0.pdsc: PDSC version is not supported
2024-11-29 21:34:39,726 [WARN] ConditionMgr:438 - getConditionDescription Invalid condition id : UX DEVICE CLASS RTOS Condition cause : null
2024-11-29 21:34:39,727 [WARN] ConditionMgr:438 - getConditionDescription Invalid condition id : UX DEVICE CLASS RTOS Condition cause : null
2024-11-29 21:34:39,734 [WARN] PackLoader:240 - Cannot read IP mode file for STMicroelectronics.X-CUBE-AZRTOS-H7.3.1.0
2024-11-29 21:34:39,737 [WARN] ConditionMgr:1039 - genDependencies : Invalid condition id : UX DEVICE CLASS RTOS Condition cause : null
2024-11-29 21:34:39,737 [WARN] ConditionMgr:1039 - genDependencies : Invalid condition id : UX DEVICE CLASS RTOS Condition cause : null
2024-11-29 21:34:39,738 [WARN] ConditionMgr:1039 - genDependencies : Invalid condition id : UX DEVICE CLASS RTOS Condition cause : null
2024-11-29 21:34:39,739 [WARN] ConditionMgr:1039 - genDependencies : Invalid condition id : UX DEVICE CLASS RTOS Condition cause : null
2024-11-29 21:34:39,739 [WARN] ConditionMgr:1039 - genDependencies : Invalid condition id : UX DEVICE CLASS RTOS Condition cause : null
2024-11-29 21:34:39,776 [WARN] PackLoader:240 - Cannot read IP mode file for STMicroelectronics.X-CUBE-NFC7.1.0.1
2024-11-29 21:34:39,814 [WARN] PackLoader:240 - Cannot read IP mode file for STMicroelectronics.X-CUBE-NFC6.3.0.0
2024-11-29 21:34:39,851 [WARN] PackLoader:240 - Cannot read IP mode file for STMicroelectronics.X-CUBE-EEPRMA1.4.1.0
2024-11-29 21:34:39,881 [WARN] PackLoader:240 - Cannot read IP mode file for STMicroelectronics.X-CUBE-AI.8.1.0
2024-11-29 21:34:39,950 [WARN] ConditionMgr:438 - getConditionDescription Invalid condition id : LAN8742 Phy interface Condition cause : null
2024-11-29 21:34:39,952 [WARN] PackLoader:240 - Cannot read IP mode file for STMicroelectronics.X-CUBE-AZRTOS-L4.2.0.0
2024-11-29 21:34:39,954 [WARN] ConditionMgr:1039 - genDependencies : Invalid condition id : LAN8742 Phy interface Condition cause : null
2024-11-29 21:34:39,956 [WARN] ConditionMgr:1039 - genDependencies : Invalid condition id : LAN8742 Phy interface Condition cause : null
2024-11-29 21:34:39,957 [WARN] ConditionMgr:1039 - genDependencies : Invalid condition id : LAN8742 Phy interface Condition cause : null
2024-11-29 21:34:39,994 [WARN] PackLoader:240 - Cannot read IP mode file for STMicroelectronics.X-CUBE-SFXS2LP1.4.0.0
2024-11-29 21:34:40,020 [WARN] PackLoader:240 - Cannot read IP mode file for STMicroelectronics.X-CUBE-ISPU.1.1.0
2024-11-29 21:34:40,089 [WARN] PackLoader:240 - Cannot read IP mode file for STMicroelectronics.X-CUBE-AZRTOS-H7.3.3.0
2024-11-29 21:34:40,123 [ERROR] Engine:466 - C:\Users\HP\.stm32cubemx\thirdparties\pdsc\STMicroelectronics.X-CUBE-IPS.3.0.0.pdsc: PDSC version is not supported
2024-11-29 21:34:40,172 [WARN] ConditionMgr:438 - getConditionDescription Invalid condition id : UX DEVICE CLASS RTOS Condition cause : null
2024-11-29 21:34:40,173 [WARN] ConditionMgr:438 - getConditionDescription Invalid condition id : UX DEVICE CLASS RTOS Condition cause : null
2024-11-29 21:34:40,175 [WARN] PackLoader:240 - Cannot read IP mode file for STMicroelectronics.X-CUBE-AZRTOS-WB.2.0.0
2024-11-29 21:34:40,176 [WARN] ConditionMgr:1039 - genDependencies : Invalid condition id : UX DEVICE CLASS RTOS Condition cause : null
2024-11-29 21:34:40,176 [WARN] ConditionMgr:1039 - genDependencies : Invalid condition id : UX DEVICE CLASS RTOS Condition cause : null
2024-11-29 21:34:40,176 [WARN] ConditionMgr:1039 - genDependencies : Invalid condition id : UX DEVICE CLASS RTOS Condition cause : null
2024-11-29 21:34:40,177 [WARN] ConditionMgr:1039 - genDependencies : Invalid condition id : UX DEVICE CLASS RTOS Condition cause : null
2024-11-29 21:34:40,177 [WARN] ConditionMgr:1039 - genDependencies : Invalid condition id : UX DEVICE CLASS RTOS Condition cause : null
2024-11-29 21:34:40,201 [WARN] PackLoader:240 - Cannot read IP mode file for STMicroelectronics.X-CUBE-GNSS1.7.0.0
2024-11-29 21:34:40,227 [ERROR] Engine:466 - C:\Users\HP\.stm32cubemx\thirdparties\pdsc\STMicroelectronics.FP-SNS-STBOX1.2.0.0.pdsc: PDSC version is not supported
2024-11-29 21:34:40,267 [WARN] PackLoader:240 - Cannot read IP mode file for STMicroelectronics.X-CUBE-SUBG2.5.0.0
2024-11-29 21:34:40,301 [WARN] PackLoader:240 - Cannot read IP mode file for Cesanta.I-CUBE-Mongoose.7.13.0
2024-11-29 21:34:40,337 [WARN] PackLoader:240 - Cannot read IP mode file for STMicroelectronics.X-CUBE-TOF1.3.3.1
2024-11-29 21:34:40,391 [WARN] PackLoader:240 - Cannot read IP mode file for STMicroelectronics.X-CUBE-AZRTOS-G4.2.0.0
2024-11-29 21:34:40,464 [WARN] PackLoader:240 - Cannot read IP mode file for Infineon.AIROC-Wi-Fi-Bluetooth-STM32.1.5.1
2024-11-29 21:34:40,487 [WARN] PackLoader:240 - Cannot read IP mode file for STMicroelectronics.FP-SNS-MOTENVWB1.1.3.0
2024-11-29 21:34:40,517 [WARN] PackLoader:240 - Cannot read IP mode file for STMicroelectronics.FP-SNS-MOTENVWB1.1.3.1
2024-11-29 21:34:40,552 [WARN] PackLoader:240 - Cannot read IP mode file for STMicroelectronics.X-CUBE-ISPU.2.0.0
2024-11-29 21:34:40,577 [WARN] PackLoader:240 - Cannot read IP mode file for STMicroelectronics.X-CUBE-ALS.1.0.2
2024-11-29 21:34:40,706 [WARN] PackLoader:240 - Cannot read IP mode file for STMicroelectronics.X-CUBE-MEMS1.10.0.0
2024-11-29 21:34:40,888 [WARN] PackLoader:240 - Cannot read IP mode file for STMicroelectronics.X-CUBE-FREERTOS.1.1.0
2024-11-29 21:34:40,918 [WARN] PackLoader:240 - Cannot read IP mode file for STMicroelectronics.X-CUBE-TOUCHGFX.4.24.1
2024-11-29 21:34:40,948 [WARN] PackLoader:240 - Cannot read IP mode file for wolfSSL.I-CUBE-wolfTPM.3.4.0
2024-11-29 21:34:40,980 [WARN] PackLoader:240 - Cannot read IP mode file for portGmbH.I-Cube-SoM-uGOAL.1.1.0
2024-11-29 21:34:41,004 [WARN] PackLoader:240 - Cannot read IP mode file for STMicroelectronics.X-CUBE-ALS.1.0.1
2024-11-29 21:34:41,062 [WARN] PackLoader:240 - Cannot read IP mode file for STMicroelectronics.X-CUBE-AZRTOS-H7RS.1.0.0
2024-11-29 21:34:41,095 [WARN] PackLoader:240 - Cannot read IP mode file for STMicroelectronics.FP-ATR-ASTRA1.2.0.0
2024-11-29 21:34:41,130 [ERROR] Engine:466 - C:\Users\HP\.stm32cubemx\thirdparties\pdsc\STMicroelectronics.X-CUBE-TOF1.3.4.2.pdsc: PDSC version is not supported
2024-11-29 21:34:41,171 [WARN] PackLoader:240 - Cannot read IP mode file for STMicroelectronics.X-CUBE-TOF1.3.4.0
2024-11-29 21:34:41,256 [WARN] PackLoader:240 - Cannot read IP mode file for STMicroelectronics.X-CUBE-AZRTOS-H7.3.2.0
2024-11-29 21:34:41,291 [WARN] PackLoader:240 - Cannot read IP mode file for wolfSSL.I-CUBE-wolfSSH.1.4.17
2024-11-29 21:34:41,292 [INFO] ThirdParty:978 - Integrity check success = true
2024-11-29 21:34:41,293 [INFO] IntegrityCheckThread:100 - exiting critical section [integrity check]
2024-11-29 21:34:41,293 [INFO] IntegrityCheckThread:103 - End integrity checks thread
2024-11-29 21:34:58,628 [ERROR] LogOutputStream:75 - [STDERR_REDIRECT] SLF4J: Failed to load class "org.slf4j.impl.StaticLoggerBinder".
2024-11-29 21:34:58,630 [ERROR] LogOutputStream:75 - [STDERR_REDIRECT] SLF4J: Defaulting to no-operation (NOP) logger implementation
2024-11-29 21:34:58,633 [ERROR] LogOutputStream:75 - [STDERR_REDIRECT] SLF4J: See http://www.slf4j.org/codes.html#StaticLoggerBinder for further details.
