2024-11-26 22:44:51,616 [INFO] Activator:176 - 


2024-11-26 22:44:51,619 [INFO] Activator:177 - !SESSION log4j initialized
2024-11-26 22:44:59,419 [INFO] LogOutputStream:77 - [STDOUT_REDIRECT] 
2024-11-26 22:45:03,673 [INFO] ApplicationProperties:184 - Using Application install path: C:\ST\STM32CubeIDE_1.13.2\STM32CubeIDE\plugins\com.st.stm32cube.common.mx_6.9.2.202309101412
2024-11-26 22:45:03,703 [INFO] DbMcusXml:78 - Set database path to: C:\ST\STM32CubeIDE_1.13.2\STM32CubeIDE\plugins\com.st.stm32cube.common.mx_6.9.2.202309101412\\db\/mcu/
2024-11-26 22:45:03,704 [INFO] ApiDb:274 - Set plugin database path to: C:\ST\STM32CubeIDE_1.13.2\STM32CubeIDE\plugins\com.st.stm32cube.common.mx_6.9.2.202309101412\\db\/plugins/boardmanager/
2024-11-26 22:45:03,705 [WARN] ApiDb:259 - Overriding images path with different value:  => C:\ST\STM32CubeIDE_1.13.2\STM32CubeIDE\plugins\com.st.stm32cube.common.mx_6.9.2.202309101412\\db\/plugins/mcufinder/images/
2024-11-26 22:45:03,737 [INFO] ApiDb:250 - Set database path to: C:\Users\HP\.stmcufinder\plugins\mcufinder//mcu/
2024-11-26 22:45:03,738 [INFO] DbMcusAds:125 - Set database path to: C:\Users\HP\.stmcufinder\plugins\mcufinder//mcu/
2024-11-26 22:45:03,742 [INFO] CrossReferenceDbSqlite:203 - Set database path to: C:\Users\HP\.stmcufinder\plugins\mcufinder//mcu/cs/
2024-11-26 22:45:03,979 [INFO] RulesReader:64 - Compatibility file has been processed (293 Rules)
2024-11-26 22:45:04,138 [INFO] DbMcusXml:78 - Set database path to: C:\ST\STM32CubeIDE_1.13.2\STM32CubeIDE\plugins\com.st.stm32cube.common.mx_6.9.2.202309101412\\db\/mcu/
2024-11-26 22:45:04,139 [INFO] ApiDb:274 - Set plugin database path to: C:\ST\STM32CubeIDE_1.13.2\STM32CubeIDE\plugins\com.st.stm32cube.common.mx_6.9.2.202309101412\\db\/plugins/boardmanager/
2024-11-26 22:45:04,139 [INFO] ApiDb:261 - Set plugin images path to: C:\ST\STM32CubeIDE_1.13.2\STM32CubeIDE\plugins\com.st.stm32cube.common.mx_6.9.2.202309101412\\db\/plugins/mcufinder/images/
2024-11-26 22:45:04,140 [WARN] DbFile:41 - Overriding database path with different value: C:\Users\HP\.stmcufinder\plugins\mcufinder/ => C:\Users\HP\.stmcufinder\plugins\mcufinder
2024-11-26 22:45:04,140 [INFO] ApiDb:250 - Set database path to: C:\Users\HP\.stmcufinder\plugins\mcufinder//mcu/
2024-11-26 22:45:04,140 [WARN] DbFile:41 - Overriding database path with different value: C:\Users\HP\.stmcufinder\plugins\mcufinder/ => C:\Users\HP\.stmcufinder\plugins\mcufinder
2024-11-26 22:45:04,141 [INFO] DbMcusAds:125 - Set database path to: C:\Users\HP\.stmcufinder\plugins\mcufinder//mcu/
2024-11-26 22:45:04,141 [WARN] DbFile:41 - Overriding database path with different value: C:\Users\HP\.stmcufinder\plugins\mcufinder/ => C:\Users\HP\.stmcufinder\plugins\mcufinder
2024-11-26 22:45:04,141 [WARN] DbFile:41 - Overriding database path with different value: C:\Users\HP\.stmcufinder\plugins\mcufinder/ => C:\Users\HP\.stmcufinder\plugins\mcufinder
2024-11-26 22:45:04,141 [INFO] CrossReferenceDbSqlite:203 - Set database path to: C:\Users\HP\.stmcufinder\plugins\mcufinder//mcu/cs/
2024-11-26 22:45:04,294 [INFO] MainPanel:262 - HeapMemory: 268435456
2024-11-26 22:45:04,481 [INFO] DbMcusXml:78 - Set database path to: C:\ST\STM32CubeIDE_1.13.2\STM32CubeIDE\plugins\com.st.stm32cube.common.mx_6.9.2.202309101412\\db\/mcu/
2024-11-26 22:45:04,481 [INFO] ApiDb:274 - Set plugin database path to: C:\ST\STM32CubeIDE_1.13.2\STM32CubeIDE\plugins\com.st.stm32cube.common.mx_6.9.2.202309101412\\db\/plugins/boardmanager/
2024-11-26 22:45:04,481 [INFO] ApiDb:261 - Set plugin images path to: C:\ST\STM32CubeIDE_1.13.2\STM32CubeIDE\plugins\com.st.stm32cube.common.mx_6.9.2.202309101412\\db\/plugins/mcufinder/images/
2024-11-26 22:45:04,482 [WARN] DbFile:41 - Overriding database path with different value: C:\Users\HP\.stmcufinder\plugins\mcufinder/ => C:\Users\HP\.stmcufinder\plugins\mcufinder
2024-11-26 22:45:04,482 [INFO] ApiDb:250 - Set database path to: C:\Users\HP\.stmcufinder\plugins\mcufinder//mcu/
2024-11-26 22:45:04,482 [WARN] DbFile:41 - Overriding database path with different value: C:\Users\HP\.stmcufinder\plugins\mcufinder/ => C:\Users\HP\.stmcufinder\plugins\mcufinder
2024-11-26 22:45:04,483 [INFO] DbMcusAds:125 - Set database path to: C:\Users\HP\.stmcufinder\plugins\mcufinder//mcu/
2024-11-26 22:45:04,483 [WARN] DbFile:41 - Overriding database path with different value: C:\Users\HP\.stmcufinder\plugins\mcufinder/ => C:\Users\HP\.stmcufinder\plugins\mcufinder
2024-11-26 22:45:04,483 [WARN] DbFile:41 - Overriding database path with different value: C:\Users\HP\.stmcufinder\plugins\mcufinder/ => C:\Users\HP\.stmcufinder\plugins\mcufinder
2024-11-26 22:45:04,483 [INFO] CrossReferenceDbSqlite:203 - Set database path to: C:\Users\HP\.stmcufinder\plugins\mcufinder//mcu/cs/
2024-11-26 22:45:04,521 [INFO] ApplicationProperties:184 - Using Application install path: C:\ST\STM32CubeIDE_1.13.2\STM32CubeIDE\plugins\com.st.stm32cube.common.mx_6.9.2.202309101412
2024-11-26 22:45:04,523 [INFO] PluginManage:196 - Search for loadable plugins [exclusion list=, ]
2024-11-26 22:45:04,526 [INFO] PluginManage:310 - Check plugin analytics
2024-11-26 22:45:04,946 [INFO] AnalyticsPlugin:253 - Accepted Software Licenses: STM32CubeMX.6.9.2
2024-11-26 22:45:04,947 [INFO] AnalyticsPlugin:255 - Accepted CMSIS Pack Licenses: 
2024-11-26 22:45:04,948 [INFO] AnalyticsPlugin:257 - Accepted Firmware Licenses: FW.F4.1.27.0
2024-11-26 22:45:04,955 [INFO] PluginManage:359 - Loaded plugin analytics (category:tool,tabindex:-1)
2024-11-26 22:45:04,956 [INFO] PluginManage:310 - Check plugin cadmodel
2024-11-26 22:45:05,004 [INFO] CADModel:105 - Init CAD model plugin
2024-11-26 22:45:05,005 [INFO] PluginManage:359 - Loaded plugin cadmodel (category:power,tabindex:5)
2024-11-26 22:45:05,007 [INFO] PluginManage:310 - Check plugin clock
2024-11-26 22:45:05,074 [INFO] PluginManage:359 - Loaded plugin clock (category:base,tabindex:2)
2024-11-26 22:45:05,075 [INFO] PluginManage:310 - Check plugin ddr
2024-11-26 22:45:05,082 [INFO] PluginManage:359 - Loaded plugin ddr (category:tool,tabindex:6)
2024-11-26 22:45:05,082 [INFO] PluginManage:310 - Check plugin filemanager
2024-11-26 22:45:05,374 [INFO] PluginManage:359 - Loaded plugin filemanager (category:base,tabindex:10)
2024-11-26 22:45:05,375 [INFO] PluginManage:310 - Check plugin ipmanager
2024-11-26 22:45:05,388 [INFO] PluginManage:359 - Loaded plugin ipmanager (category:base,tabindex:5)
2024-11-26 22:45:05,389 [INFO] PluginManage:310 - Check plugin lpbam
2024-11-26 22:45:05,431 [INFO] PluginManage:359 - Loaded plugin lpbam (category:base,tabindex:0)
2024-11-26 22:45:05,432 [INFO] PluginManage:310 - Check plugin memorymap
2024-11-26 22:45:05,481 [INFO] PluginManage:359 - Loaded plugin memorymap (category:base,tabindex:4)
2024-11-26 22:45:05,481 [INFO] PluginManage:310 - Check plugin pinoutandconfiguration
2024-11-26 22:45:05,511 [INFO] PluginManage:359 - Loaded plugin pinoutandconfiguration (category:base,tabindex:1)
2024-11-26 22:45:05,512 [INFO] PluginManage:310 - Check plugin pinoutconfig
2024-11-26 22:45:05,753 [WARN] SupportedApi:132 - Cannot load RTOS API schema: s4s-elt-must-match.1: The content of 'definitions' must match (annotation?, (simpleType | complexType)?, (unique | key | keyref)*)). A problem was found starting at: attribute.
2024-11-26 22:45:06,063 [INFO] PluginManage:359 - Loaded plugin pinoutconfig (category:base,tabindex:0)
2024-11-26 22:45:06,064 [INFO] PluginManage:310 - Check plugin power
2024-11-26 22:45:06,107 [INFO] PluginManage:359 - Loaded plugin power (category:power,tabindex:4)
2024-11-26 22:45:06,108 [INFO] PluginManage:310 - Check plugin projectmanager
2024-11-26 22:45:06,152 [INFO] PluginManage:359 - Loaded plugin projectmanager (category:projectmanager,tabindex:3)
2024-11-26 22:45:06,153 [INFO] PluginManage:310 - Check plugin thirdparty
2024-11-26 22:45:06,808 [INFO] PluginManage:359 - Loaded plugin thirdparty (category:base,tabindex:-1)
2024-11-26 22:45:06,807 [WARN] IntegrityCheckThread:84 - waiting for thirdparty lock release [integrity check]
2024-11-26 22:45:06,808 [INFO] PluginManage:310 - Check plugin tools
2024-11-26 22:45:06,808 [INFO] IntegrityCheckThread:86 - entering critical section [integrity check]
2024-11-26 22:45:06,809 [INFO] ThirdPartyUpdaterWithRetryManager:70 - Updater plugin not ready yet. [1/15]
2024-11-26 22:45:06,874 [INFO] PluginManage:359 - Loaded plugin tools (category:base,tabindex:7)
2024-11-26 22:45:06,874 [INFO] PluginManage:310 - Check plugin tutovideos
2024-11-26 22:45:07,210 [INFO] PluginManage:359 - Loaded plugin tutovideos (category:base,tabindex:-1)
2024-11-26 22:45:07,210 [INFO] PluginManage:310 - Check plugin updater
2024-11-26 22:45:07,230 [INFO] PluginManage:359 - Loaded plugin updater (category:base,tabindex:12)
2024-11-26 22:45:07,230 [INFO] PluginManage:310 - Check plugin userauth
2024-11-26 22:45:07,239 [INFO] UserAuth:113 - Init User Auth plugin
2024-11-26 22:45:07,240 [INFO] PluginManage:359 - Loaded plugin userauth (category:base,tabindex:14)
2024-11-26 22:45:07,241 [INFO] PluginManage:283 - PluginManage : Loaded plugins [17]
2024-11-26 22:45:07,658 [INFO] PinOutPanel:1499 - setPackage(No Configuration,No Configuration)
2024-11-26 22:45:07,885 [INFO] CADModel:165 - CPN selected for project level
2024-11-26 22:45:07,885 [INFO] CADModel:114 - Register for checkConnection events
2024-11-26 22:45:07,929 [INFO] IPUIPlugin:80 - create IPUIPlugin
2024-11-26 22:45:07,929 [INFO] PluginManager:220 - loadIPPluginJar : add adc
2024-11-26 22:45:07,988 [INFO] IPUIPlugin:80 - create IPUIPlugin
2024-11-26 22:45:07,989 [INFO] PluginManager:220 - loadIPPluginJar : add aes
2024-11-26 22:45:08,058 [INFO] IPUIPlugin:80 - create IPUIPlugin
2024-11-26 22:45:08,058 [INFO] PluginManager:220 - loadIPPluginJar : add can
2024-11-26 22:45:08,098 [INFO] IPUIPlugin:80 - create IPUIPlugin
2024-11-26 22:45:08,098 [INFO] PluginManager:220 - loadIPPluginJar : add comp
2024-11-26 22:45:08,154 [INFO] IPUIPlugin:80 - create IPUIPlugin
2024-11-26 22:45:08,155 [INFO] PluginManager:220 - loadIPPluginJar : add cryp
2024-11-26 22:45:08,209 [INFO] IPUIPlugin:80 - create IPUIPlugin
2024-11-26 22:45:08,209 [INFO] PluginManager:220 - loadIPPluginJar : add dfsdm
2024-11-26 22:45:08,232 [INFO] IPUIPlugin:80 - create IPUIPlugin
2024-11-26 22:45:08,233 [INFO] PluginManager:220 - loadIPPluginJar : add dma
2024-11-26 22:45:08,310 [INFO] IPUIPlugin:80 - create IPUIPlugin
2024-11-26 22:45:08,311 [INFO] PluginManager:220 - loadIPPluginJar : add dma3
2024-11-26 22:45:08,344 [INFO] IPUIPlugin:80 - create IPUIPlugin
2024-11-26 22:45:08,345 [INFO] PluginManager:220 - loadIPPluginJar : add fatfs
2024-11-26 22:45:08,422 [INFO] IPUIPlugin:80 - create IPUIPlugin
2024-11-26 22:45:08,423 [INFO] PluginManager:220 - loadIPPluginJar : add fmc
2024-11-26 22:45:08,449 [INFO] IPUIPlugin:80 - create IPUIPlugin
2024-11-26 22:45:08,449 [INFO] PluginManager:220 - loadIPPluginJar : add freertos
2024-11-26 22:45:08,485 [INFO] IPUIPlugin:80 - create IPUIPlugin
2024-11-26 22:45:08,485 [INFO] PluginManager:220 - loadIPPluginJar : add genericplugin
2024-11-26 22:45:08,641 [INFO] IPUIPlugin:80 - create IPUIPlugin
2024-11-26 22:45:08,642 [INFO] PluginManager:220 - loadIPPluginJar : add gfxmmu
2024-11-26 22:45:08,862 [INFO] IPUIPlugin:80 - create IPUIPlugin
2024-11-26 22:45:08,862 [INFO] PluginManager:220 - loadIPPluginJar : add gic
2024-11-26 22:45:08,888 [INFO] IPUIPlugin:80 - create IPUIPlugin
2024-11-26 22:45:08,888 [INFO] PluginManager:220 - loadIPPluginJar : add gpio
2024-11-26 22:45:09,051 [INFO] IPUIPlugin:80 - create IPUIPlugin
2024-11-26 22:45:09,051 [INFO] PluginManager:220 - loadIPPluginJar : add gtzc
2024-11-26 22:45:09,104 [INFO] IPUIPlugin:80 - create IPUIPlugin
2024-11-26 22:45:09,105 [INFO] PluginManager:220 - loadIPPluginJar : add hash
2024-11-26 22:45:09,193 [INFO] IPUIPlugin:80 - create IPUIPlugin
2024-11-26 22:45:09,193 [INFO] PluginManager:220 - loadIPPluginJar : add i2c
2024-11-26 22:45:09,257 [INFO] IPUIPlugin:80 - create IPUIPlugin
2024-11-26 22:45:09,257 [INFO] PluginManager:220 - loadIPPluginJar : add i2s
2024-11-26 22:45:09,324 [INFO] IPUIPlugin:80 - create IPUIPlugin
2024-11-26 22:45:09,324 [INFO] PluginManager:220 - loadIPPluginJar : add i3c
2024-11-26 22:45:09,494 [INFO] IPUIPlugin:80 - create IPUIPlugin
2024-11-26 22:45:09,494 [INFO] PluginManager:220 - loadIPPluginJar : add ipddr
2024-11-26 22:45:09,693 [INFO] IPUIPlugin:80 - create IPUIPlugin
2024-11-26 22:45:09,694 [INFO] PluginManager:220 - loadIPPluginJar : add linkedlist
2024-11-26 22:45:09,771 [INFO] IPUIPlugin:80 - create IPUIPlugin
2024-11-26 22:45:09,771 [INFO] PluginManager:220 - loadIPPluginJar : add lorawan
2024-11-26 22:45:09,810 [INFO] ThirdPartyUpdaterWithRetryManager:70 - Updater plugin not ready yet. [2/15]
2024-11-26 22:45:09,872 [INFO] IPUIPlugin:80 - create IPUIPlugin
2024-11-26 22:45:09,872 [INFO] PluginManager:220 - loadIPPluginJar : add ltdc
2024-11-26 22:45:09,905 [INFO] IPUIPlugin:80 - create IPUIPlugin
2024-11-26 22:45:09,905 [INFO] PluginManager:220 - loadIPPluginJar : add mdma
2024-11-26 22:45:09,930 [INFO] IPUIPlugin:80 - create IPUIPlugin
2024-11-26 22:45:09,930 [INFO] PluginManager:220 - loadIPPluginJar : add nvic
2024-11-26 22:45:10,000 [INFO] IPUIPlugin:80 - create IPUIPlugin
2024-11-26 22:45:10,001 [INFO] PluginManager:220 - loadIPPluginJar : add opamp
2024-11-26 22:45:10,105 [INFO] IPUIPlugin:80 - create IPUIPlugin
2024-11-26 22:45:10,105 [INFO] PluginManager:220 - loadIPPluginJar : add openamp
2024-11-26 22:45:10,176 [INFO] IPUIPlugin:80 - create IPUIPlugin
2024-11-26 22:45:10,176 [INFO] PluginManager:220 - loadIPPluginJar : add pdm2pcm
2024-11-26 22:45:10,203 [INFO] IPUIPlugin:80 - create IPUIPlugin
2024-11-26 22:45:10,207 [INFO] PluginManager:220 - loadIPPluginJar : add plateformsettings
2024-11-26 22:45:10,272 [INFO] IPUIPlugin:80 - create IPUIPlugin
2024-11-26 22:45:10,273 [INFO] PluginManager:220 - loadIPPluginJar : add quadspi
2024-11-26 22:45:10,313 [INFO] IPUIPlugin:80 - create IPUIPlugin
2024-11-26 22:45:10,313 [INFO] PluginManager:220 - loadIPPluginJar : add resmgrutility
2024-11-26 22:45:10,461 [INFO] IPUIPlugin:80 - create IPUIPlugin
2024-11-26 22:45:10,462 [INFO] PluginManager:220 - loadIPPluginJar : add sai
2024-11-26 22:45:10,558 [INFO] IPUIPlugin:80 - create IPUIPlugin
2024-11-26 22:45:10,558 [INFO] PluginManager:220 - loadIPPluginJar : add spi
2024-11-26 22:45:10,685 [INFO] IPUIPlugin:80 - create IPUIPlugin
2024-11-26 22:45:10,685 [INFO] PluginManager:220 - loadIPPluginJar : add stm32_wpan
2024-11-26 22:45:10,753 [INFO] IPUIPlugin:80 - create IPUIPlugin
2024-11-26 22:45:10,753 [INFO] PluginManager:220 - loadIPPluginJar : add tim
2024-11-26 22:45:10,927 [INFO] IPUIPlugin:80 - create IPUIPlugin
2024-11-26 22:45:10,927 [INFO] PluginManager:220 - loadIPPluginJar : add touchsensing
2024-11-26 22:45:10,989 [INFO] IPUIPlugin:80 - create IPUIPlugin
2024-11-26 22:45:10,990 [INFO] PluginManager:220 - loadIPPluginJar : add tracer_emb
2024-11-26 22:45:11,058 [INFO] IPUIPlugin:80 - create IPUIPlugin
2024-11-26 22:45:11,058 [INFO] PluginManager:220 - loadIPPluginJar : add ts
2024-11-26 22:45:11,115 [INFO] IPUIPlugin:80 - create IPUIPlugin
2024-11-26 22:45:11,115 [INFO] PluginManager:220 - loadIPPluginJar : add tsc
2024-11-26 22:45:11,155 [INFO] IPUIPlugin:80 - create IPUIPlugin
2024-11-26 22:45:11,156 [INFO] PluginManager:220 - loadIPPluginJar : add ucpd
2024-11-26 22:45:11,237 [INFO] IPUIPlugin:80 - create IPUIPlugin
2024-11-26 22:45:11,238 [INFO] PluginManager:220 - loadIPPluginJar : add usart
2024-11-26 22:45:11,318 [INFO] IPUIPlugin:80 - create IPUIPlugin
2024-11-26 22:45:11,318 [INFO] PluginManager:220 - loadIPPluginJar : add usbx
2024-11-26 22:45:11,502 [INFO] CADModel:165 - CPN selected for project level
2024-11-26 22:45:11,503 [INFO] CADModel:114 - Register for checkConnection events
2024-11-26 22:45:11,503 [FATAL] Updater:308 - Updater called before beeing initialized
2024-11-26 22:45:11,503 [ERROR] CADModel:125 - Updater not yet initialized, retry later 
2024-11-26 22:45:11,752 [INFO] CADModel:165 - CPN selected for project level
2024-11-26 22:45:11,752 [INFO] CADModel:114 - Register for checkConnection events
2024-11-26 22:45:11,753 [FATAL] Updater:308 - Updater called before beeing initialized
2024-11-26 22:45:11,753 [ERROR] CADModel:125 - Updater not yet initialized, retry later 
2024-11-26 22:45:11,759 [FATAL] Updater:308 - Updater called before beeing initialized
2024-11-26 22:45:12,002 [FATAL] Updater:308 - Updater called before beeing initialized
2024-11-26 22:45:12,023 [INFO] DbMcusAds:53 - JSON generation date=Wed Nov 29 17:52:27 ICT 2023 (1701255147349)
2024-11-26 22:45:12,023 [FATAL] Updater:308 - Updater called before beeing initialized
2024-11-26 22:45:12,158 [WARN] DetailPanel:346 - Failed to get advertising image, set to default
2024-11-26 22:45:12,307 [FATAL] Updater:308 - Updater called before beeing initialized
2024-11-26 22:45:12,310 [FATAL] Updater:308 - Updater called before beeing initialized
2024-11-26 22:45:12,310 [FATAL] Updater:308 - Updater called before beeing initialized
2024-11-26 22:45:12,310 [WARN] DetailPanel:346 - Failed to get advertising image, set to default
2024-11-26 22:45:12,312 [FATAL] Updater:308 - Updater called before beeing initialized
2024-11-26 22:45:12,437 [ERROR] Updater:1120 - MainUpdater not yet initialized. External WinMGr cannot be set.
2024-11-26 22:45:12,458 [INFO] Updater:1056 - Updater Version found : 6.9.2
2024-11-26 22:45:12,493 [INFO] ApplicationProperties:184 - Using Application install path: C:\ST\STM32CubeIDE_1.13.2\STM32CubeIDE\plugins\com.st.stm32cube.common.mx_6.9.2.202309101412
2024-11-26 22:45:12,812 [INFO] ThirdPartyUpdaterWithRetryManager:70 - Updater plugin not ready yet. [3/15]
2024-11-26 22:45:13,075 [INFO] MainUpdater:2868 - connection check result : 10
2024-11-26 22:45:13,075 [INFO] MainUpdater:3562 - Updater definition file requires update
2024-11-26 22:45:13,077 [INFO] MainUpdater:285 - Updater Check For Update Now.
2024-11-26 22:45:13,078 [INFO] MicroXplorer:498 - Change Database Version : DB.6.0.92
2024-11-26 22:45:13,107 [INFO] McuFinderGlobals:63 - Set McuFinder mode to 2 (CubeIDE integrated)
2024-11-26 22:45:13,247 [INFO] ServerAccessManage:473 - Download File updaters.zip
2024-11-26 22:45:13,585 [INFO] FileExtend:240 - Unzip File : updaters.zip
2024-11-26 22:45:13,586 [INFO] FileExtend:255 - Standard Zip Deflate
2024-11-26 22:45:14,695 [INFO] McuFinderGlobals:63 - Set McuFinder mode to 2 (CubeIDE integrated)
2024-11-26 22:45:15,033 [INFO] ServerAccessManage:473 - Download File PacksControlFlags.xml
2024-11-26 22:45:15,454 [INFO] ServerAccessManage:473 - Download File cubemx.pidx
2024-11-26 22:45:15,831 [WARN] MainUpdater:1189 - Updater busy. Cannot search thirdparties
2024-11-26 22:45:15,831 [INFO] ThirdPartyUpdaterWithRetryManager:96 - Updater plugin is busy. [1/15]
2024-11-26 22:45:16,184 [INFO] ServerAccessManage:473 - Download File STMicroelectronics.FP-ATR-ASTRA1.pdsc
2024-11-26 22:45:17,203 [INFO] ServerAccessManage:473 - Download File STMicroelectronics.FP-SNS-STBOX1.pdsc
2024-11-26 22:45:17,835 [INFO] ServerAccessManage:473 - Download File STMicroelectronics.FP-SNS-MOTENV1.pdsc
2024-11-26 22:45:18,822 [INFO] ServerAccessManage:473 - Download File STMicroelectronics.FP-SNS-MOTENVWB1.pdsc
2024-11-26 22:45:18,832 [WARN] MainUpdater:1189 - Updater busy. Cannot search thirdparties
2024-11-26 22:45:18,832 [INFO] ThirdPartyUpdaterWithRetryManager:96 - Updater plugin is busy. [2/15]
2024-11-26 22:45:19,557 [INFO] ServerAccessManage:473 - Download File STMicroelectronics.X-CUBE-AI.pdsc
2024-11-26 22:45:21,835 [WARN] MainUpdater:1189 - Updater busy. Cannot search thirdparties
2024-11-26 22:45:21,835 [INFO] ThirdPartyUpdaterWithRetryManager:96 - Updater plugin is busy. [3/15]
2024-11-26 22:45:22,192 [INFO] ServerAccessManage:473 - Download File STMicroelectronics.X-CUBE-ALS.pdsc
2024-11-26 22:45:22,951 [INFO] ServerAccessManage:473 - Download File STMicroelectronics.X-CUBE-BLEMGR.pdsc
2024-11-26 22:45:24,213 [INFO] ServerAccessManage:473 - Download File STMicroelectronics.X-CUBE-DPOWER.pdsc
2024-11-26 22:45:24,835 [WARN] MainUpdater:1189 - Updater busy. Cannot search thirdparties
2024-11-26 22:45:24,835 [INFO] ThirdPartyUpdaterWithRetryManager:96 - Updater plugin is busy. [4/15]
2024-11-26 22:45:25,361 [ERROR] ServerAccessManage:1089 - Problem, file not found on Server
2024-11-26 22:45:26,354 [ERROR] ServerAccessManage:1089 - Problem, file not found on Server
2024-11-26 22:45:27,316 [ERROR] ServerAccessManage:1089 - Problem, file not found on Server
2024-11-26 22:45:27,838 [WARN] MainUpdater:1189 - Updater busy. Cannot search thirdparties
2024-11-26 22:45:27,838 [INFO] ThirdPartyUpdaterWithRetryManager:96 - Updater plugin is busy. [5/15]
2024-11-26 22:45:28,260 [ERROR] ServerAccessManage:1089 - Problem, file not found on Server
2024-11-26 22:45:29,197 [ERROR] ServerAccessManage:1089 - Problem, file not found on Server
2024-11-26 22:45:29,545 [ERROR] ServerAccessManage:1089 - Problem, file not found on Server
2024-11-26 22:45:29,988 [ERROR] ServerAccessManage:1089 - Problem, file not found on Server
2024-11-26 22:45:30,839 [WARN] MainUpdater:1189 - Updater busy. Cannot search thirdparties
2024-11-26 22:45:30,839 [INFO] ThirdPartyUpdaterWithRetryManager:96 - Updater plugin is busy. [6/15]
2024-11-26 22:45:30,952 [ERROR] ServerAccessManage:1089 - Problem, file not found on Server
2024-11-26 22:45:31,907 [ERROR] ServerAccessManage:1089 - Problem, file not found on Server
2024-11-26 22:45:33,088 [ERROR] ServerAccessManage:1089 - Problem, file not found on Server
2024-11-26 22:45:33,840 [WARN] MainUpdater:1189 - Updater busy. Cannot search thirdparties
2024-11-26 22:45:33,840 [INFO] ThirdPartyUpdaterWithRetryManager:96 - Updater plugin is busy. [7/15]
2024-11-26 22:45:34,506 [ERROR] ServerAccessManage:1089 - Problem, file not found on Server
2024-11-26 22:45:34,711 [INFO] ServerAccessManage:473 - Download File STMicroelectronics.X-CUBE-EEPRMA1.pdsc
2024-11-26 22:45:34,857 [INFO] MainUpdater:2868 - connection check result : 10
2024-11-26 22:45:36,840 [WARN] MainUpdater:1189 - Updater busy. Cannot search thirdparties
2024-11-26 22:45:36,840 [INFO] ThirdPartyUpdaterWithRetryManager:96 - Updater plugin is busy. [8/15]
2024-11-26 22:45:36,844 [ERROR] ServerAccessManage:1089 - Problem, file not found on Server
2024-11-26 22:45:37,002 [ERROR] LogOutputStream:75 - [STDERR_REDIRECT] SLF4J: Failed to load class "org.slf4j.impl.StaticLoggerBinder".
2024-11-26 22:45:37,004 [ERROR] LogOutputStream:75 - [STDERR_REDIRECT] SLF4J: Defaulting to no-operation (NOP) logger implementation
2024-11-26 22:45:37,012 [ERROR] LogOutputStream:75 - [STDERR_REDIRECT] SLF4J: See http://www.slf4j.org/codes.html#StaticLoggerBinder for further details.
2024-11-26 22:45:38,427 [ERROR] ServerAccessManage:1089 - Problem, file not found on Server
2024-11-26 22:45:39,841 [WARN] MainUpdater:1189 - Updater busy. Cannot search thirdparties
2024-11-26 22:45:39,841 [INFO] ThirdPartyUpdaterWithRetryManager:96 - Updater plugin is busy. [9/15]
2024-11-26 22:45:39,867 [INFO] ServerAccessManage:473 - Download File STMicroelectronics.X-CUBE-FREERTOS.pdsc
2024-11-26 22:45:42,844 [WARN] MainUpdater:1189 - Updater busy. Cannot search thirdparties
2024-11-26 22:45:42,844 [INFO] ThirdPartyUpdaterWithRetryManager:96 - Updater plugin is busy. [10/15]
2024-11-26 22:45:44,352 [INFO] ServerAccessManage:473 - Download File STMicroelectronics.X-CUBE-GNSS1.pdsc
2024-11-26 22:45:45,846 [WARN] MainUpdater:1189 - Updater busy. Cannot search thirdparties
2024-11-26 22:45:45,846 [INFO] ThirdPartyUpdaterWithRetryManager:96 - Updater plugin is busy. [11/15]
2024-11-26 22:45:47,275 [ERROR] ServerAccessManage:1089 - Problem, file not found on Server
2024-11-26 22:45:48,249 [ERROR] ServerAccessManage:1089 - Problem, file not found on Server
2024-11-26 22:45:48,848 [WARN] MainUpdater:1189 - Updater busy. Cannot search thirdparties
2024-11-26 22:45:48,848 [INFO] ThirdPartyUpdaterWithRetryManager:96 - Updater plugin is busy. [12/15]
2024-11-26 22:45:49,212 [ERROR] ServerAccessManage:1089 - Problem, file not found on Server
2024-11-26 22:45:50,186 [ERROR] ServerAccessManage:1089 - Problem, file not found on Server
2024-11-26 22:45:51,330 [ERROR] ServerAccessManage:1089 - Problem, file not found on Server
2024-11-26 22:45:51,849 [WARN] MainUpdater:1189 - Updater busy. Cannot search thirdparties
2024-11-26 22:45:51,849 [INFO] ThirdPartyUpdaterWithRetryManager:96 - Updater plugin is busy. [13/15]
2024-11-26 22:45:52,341 [ERROR] ServerAccessManage:1089 - Problem, file not found on Server
2024-11-26 22:45:52,516 [INFO] ServerAccessManage:473 - Download File STMicroelectronics.X-CUBE-ISPU.pdsc
2024-11-26 22:45:53,259 [INFO] ServerAccessManage:473 - Download File STMicroelectronics.X-CUBE-IPS.pdsc
2024-11-26 22:45:53,811 [INFO] ServerAccessManage:473 - Download File STMicroelectronics.X-CUBE-MEMS1.pdsc
2024-11-26 22:45:54,850 [WARN] MainUpdater:1189 - Updater busy. Cannot search thirdparties
2024-11-26 22:45:54,850 [INFO] ThirdPartyUpdaterWithRetryManager:96 - Updater plugin is busy. [14/15]
2024-11-26 22:45:55,828 [INFO] ApiDb:581 - Connected to CubeFinder SQLite database (C:\Users\HP\.stmcufinder\plugins\mcufinder\mcu\cube-finder-db.db)
2024-11-26 22:45:56,043 [INFO] ApiDb:668 - CubeFinder database Data Model version=2.1
2024-11-26 22:45:56,044 [INFO] ApiDb:669 - CubeFinder database Configuration version=3.0.37
2024-11-26 22:45:56,044 [INFO] ApiDb:670 - CubeFinder database generation date=2023-10-13 (1697197505)
2024-11-26 22:45:56,045 [INFO] ApiDb:671 - CubeFinder database FW Pack versions=[FP-ATR-ASTRA1_V2.0.0, FP-SNS-FLIGHT1_V5.0.1, FP-SNS-FLIGHT1_V5.0.2, FP-SNS-MOTENV1_V4.3.1, FP-SNS-MOTENV1_V4.3.2, FP-SNS-SMARTAG2_V1.2.0, I-CUBE-ITTIADB_V8.6.3-1, STM32Cube_FW_C0_V1.1.0, STM32Cube_FW_F4_V1.27.1, STM32Cube_FW_F7_V1.17.0, STM32Cube_FW_G0_V1.6.1, STM32Cube_FW_G4_V1.5.1, STM32Cube_FW_H5_V0.5.1, STM32Cube_FW_H5_V1.1.1, STM32Cube_FW_H7_V1.11.0, STM32Cube_FW_L0_V1.12.2, STM32Cube_FW_L5_V1.5.0, STM32Cube_FW_U5_V1.3.0, STM32Cube_FW_U5_V1.3.0RC4, STM32Cube_FW_WBA_V1.0.0RC1, STM32Cube_FW_WBA_V1.1.0RC1, STM32Cube_FW_WBA_V1.1.1, STM32Cube_FW_WB_V1.15.0RC1, STM32Cube_FW_WB_V1.16.0, STM32Cube_FW_WB_V1.16.0RC2, STM32Cube_FW_WB_V1.17.3, STM32Cube_FW_WL_V1.3.0, X-CUBE-ALGOBUILD_V1.3.0, X-CUBE-ALS_V1.0.1, X-CUBE-AZRTOS-F4_V1.1.0, X-CUBE-AZRTOS-F7_V1.1.0, X-CUBE-AZRTOS-G0_V1.1.0, X-CUBE-AZRTOS-G4_V2.0.0, X-CUBE-AZRTOS-H7_V3.1.0, X-CUBE-AZRTOS-L4_V1.0.0, X-CUBE-AZRTOS-L4_V2.0.0, X-CUBE-AZRTOS-L5_V1.1.0, X-CUBE-AZRTOS-WB_V2.0.0, X-CUBE-AZRTOS-WL_V2.0.0, X-CUBE-BLE1_V7.0.0, X-CUBE-BLE2_V3.3.0, X-CUBE-BLEMGR_V2.0.0, X-CUBE-EEPRMA1_V4.1.0, X-CUBE-FREERTOS_V1.1.0, X-CUBE-GNSS1_V6.0.0, X-CUBE-MEMS1_V10.0.0, X-CUBE-MEMS1_V9.1.0, X-CUBE-MEMS1_V9.4.0, X-CUBE-MEMS1_V9.6.0, X-CUBE-NFC4_V3.0.0, X-CUBE-NFC7_V1.0.1, X-CUBE-SFXS2LP1_V4.0.0, X-CUBE-SUBG2_V5.0.0, X-CUBE-TOF1_V3.3.1]
2024-11-26 22:45:56,400 [INFO] DbBoardsSqlite:226 - include board P-NUCLEO-WB55-NUCLEO as a kit item of type 'Nucleo-64'
2024-11-26 22:45:56,401 [INFO] DbBoardsSqlite:226 - include board P-NUCLEO-WB55-USBDONGLE as a kit item of type 'Nucleo USB Dongle'
2024-11-26 22:45:56,406 [INFO] DbBoardsSqlite:226 - include board STEVAL-IDP005V1 as a kit item of type 'Evaluation Board'
2024-11-26 22:45:56,407 [INFO] DbBoardsSqlite:226 - include board STEVAL-IDP005V2 as a kit item of type 'Evaluation Board'
2024-11-26 22:45:57,511 [INFO] ApiDb:240 - Found 323 in-development CPN: [B-G473E-ZEST1S, B-WB1M-WPAN1, B-WL5M-SUBG1, NUCLEO-C031C6, NUCLEO-H503RB, NUCLEO-H563ZI, NUCLEO-U545RE-Q, NUCLEO-U5A5ZJ-Q, NUCLEO-WBA52CG, STEVAL-PROTEUS1, STEVAL-SMARTAG2, STEVAL-STWINBX1, STM320518-EVAL, STM32C0116-DK, STM32C011D6Y3TR, STM32C011D6Y6TR, STM32C011F4P3, STM32C011F4P6, STM32C011F4U3, STM32C011F4U6TR, STM32C011F6P3, STM32C011F6P6, STM32C011F6U3, STM32C011F6U6TR, STM32C011J4M3, STM32C011J4M6, STM32C011J6M3, STM32C011J6M6, STM32C0316-DK, STM32C031C4T3, STM32C031C4T6, STM32C031C4U3, STM32C031C4U6, STM32C031C6T3, STM32C031C6T6, STM32C031C6U3, STM32C031C6U6, STM32C031F4P3, STM32C031F4P6, STM32C031F6P3, STM32C031F6P6, STM32C031G4U3, STM32C031G4U6, STM32C031G6U3, STM32C031G6U6, STM32C031K4T3, STM32C031K4T6, STM32C031K4U3, STM32C031K4U6, STM32C031K6T3, STM32C031K6T6, STM32C031K6U3, STM32C031K6U6, STM32G071K8TXN, STM32G071K8UXN, STM32G081GBU6N, STM32G081KBT6N, STM32G081KBUXN, STM32G0B1CCT6N, STM32G0B1KCT6, STM32G0B1NEY6TR, STM32G0B1RCT6N, STM32G0C1CCT6, STM32G0C1CCT6N, STM32G0C1CCU6N, STM32G0C1CET6N, STM32G0C1CEU6N, STM32G0C1KCT6, STM32G0C1NEY6TR, STM32G0C1RCI6N, STM32G0C1RCT6N, STM32G0C1REI6N, STM32G0C1RET6N, STM32G0C1VCI6, STM32G0C1VEI6, STM32G471CCT6, STM32G471CCU6, STM32G471CET3, STM32G471CET6, STM32G471CEU3, STM32G471CEU6, STM32G471MCT6, STM32G471MET3, STM32G471MET6, STM32G471MEY6TR, STM32G471QCT6, STM32G471QET3, STM32G471RCT6, STM32G471RET3, STM32G471RET6, STM32G471VCH6, STM32G471VCI6, STM32G471VCT6, STM32G471VEH3, STM32G471VEH6, STM32G471VEI3, STM32G471VEI6, STM32G471VET3, STM32G471VET6, STM32G474CCT6, STM32H503CBT6, STM32H503CBU6, STM32H503EBY6TR, STM32H503KBU6, STM32H503RBT6, STM32H562AGI6, STM32H562AII6, STM32H562IGK6, STM32H562IGT6, STM32H562IIK6, STM32H562IIT6, STM32H562RGT6, STM32H562RGV6, STM32H562RIT6, STM32H562RIV6, STM32H562VGT6, STM32H562VIT6, STM32H562ZGT6, STM32H562ZIT6, STM32H563AGI6, STM32H563AII3Q, STM32H563AII6, STM32H563IGK6, STM32H563IGT6, STM32H563IIK3Q, STM32H563IIK6, STM32H563IIT3Q, STM32H563IIT6, STM32H563MIY3QTR, STM32H563RGT6, STM32H563RGV6, STM32H563RIT6, STM32H563RIV6, STM32H563VGT6, STM32H563VIT3Q, STM32H563VIT6, STM32H563ZGT6, STM32H563ZIT3Q, STM32H563ZIT6, STM32H573AII3Q, STM32H573AII6, STM32H573I-DK, STM32H573IIK3Q, STM32H573IIK6, STM32H573IIT3Q, STM32H573IIT6, STM32H573MIY3QTR, STM32H573RIT6, STM32H573RIV6, STM32H573VIT3Q, STM32H573VIT6, STM32H573ZIT3Q, STM32H573ZIT6, STM32L4R5QGI6STR, STM32MP131AAE3, STM32MP131AAF3, STM32MP131AAG3, STM32MP131CAE3, STM32MP131CAF3, STM32MP131CAG3, STM32MP131DAE7, STM32MP131DAF7, STM32MP131DAG7, STM32MP131FAE7, STM32MP131FAF7, STM32MP131FAG7, STM32MP133AAE3, STM32MP133AAF3, STM32MP133AAG3, STM32MP133CAE3, STM32MP133CAF3, STM32MP133CAG3, STM32MP133DAE7, STM32MP133DAF7, STM32MP133DAG7, STM32MP133FAE7, STM32MP133FAF7, STM32MP133FAG7, STM32MP135AAE3, STM32MP135AAF3, STM32MP135AAG3, STM32MP135CAE3, STM32MP135CAF3, STM32MP135CAG3, STM32MP135DAE7, STM32MP135DAF7, STM32MP135DAG7, STM32MP135F-DK, STM32MP135FAE7, STM32MP135FAF7, STM32MP135FAF7T, STM32MP135FAF7U, STM32MP135FAG7, STM32U535CBT6, STM32U535CBT6Q, STM32U535CBU6, STM32U535CBU6Q, STM32U535CCT6, STM32U535CCT6Q, STM32U535CCU6, STM32U535CCU6Q, STM32U535CET6, STM32U535CET6Q, STM32U535CEU6, STM32U535CEU6Q, STM32U535JEY6QTR, STM32U535NCY6QTR, STM32U535NEY6QTR, STM32U535RBI6, STM32U535RBI6Q, STM32U535RBT6, STM32U535RBT6Q, STM32U535RCI6, STM32U535RCI6Q, STM32U535RCT6, STM32U535RCT6Q, STM32U535REI6, STM32U535REI6Q, STM32U535RET6, STM32U535RET6Q, STM32U535VCI6, STM32U535VCI6Q, STM32U535VCT6, STM32U535VCT6Q, STM32U535VEI6, STM32U535VEI6Q, STM32U535VET6, STM32U535VET6Q, STM32U545CET6, STM32U545CET6Q, STM32U545CEU6, STM32U545CEU6Q, STM32U545JEY6QTR, STM32U545NEY6QTR, STM32U545REI6, STM32U545REI6Q, STM32U545RET6, STM32U545RET6Q, STM32U545VEI6, STM32U545VEI6Q, STM32U545VET6, STM32U545VET6Q, STM32U595AIH6, STM32U595AIH6Q, STM32U595AJH6, STM32U595AJH6Q, STM32U595QII6, STM32U595QII6Q, STM32U595QJI6, STM32U595QJI6Q, STM32U595RIT6, STM32U595RIT6Q, STM32U595RJT6, STM32U595RJT6Q, STM32U595VIT6, STM32U595VIT6Q, STM32U595VJT6, STM32U595VJT6Q, STM32U595ZIT6, STM32U595ZIT6Q, STM32U595ZIY6QTR, STM32U595ZJT6, STM32U595ZJT6Q, STM32U595ZJY6QTR, STM32U599BJY6QTR, STM32U599NIH6Q, STM32U599NJH6Q, STM32U599VIT6Q, STM32U599VJT6, STM32U599VJT6Q, STM32U599ZIT6Q, STM32U599ZIY6QTR, STM32U599ZJT6Q, STM32U599ZJY6QTR, STM32U5A5AJH6, STM32U5A5AJH6Q, STM32U5A5QJI6, STM32U5A5QJI6Q, STM32U5A5RJT6, STM32U5A5RJT6Q, STM32U5A5VJT6, STM32U5A5VJT6Q, STM32U5A5ZJT6, STM32U5A5ZJT6Q, STM32U5A5ZJY6QTR, STM32U5A9BJY6QTR, STM32U5A9J-DK, STM32U5A9NJH6Q, STM32U5A9VJT6Q, STM32U5A9ZJT6Q, STM32U5A9ZJY6QTR, STM32U5F7VIT6, STM32U5F7VIT6Q, STM32U5F7VJT6, STM32U5F7VJT6Q, STM32U5F9BJY6QTR, STM32U5F9NJH6Q, STM32U5F9VIT6Q, STM32U5F9VJT6Q, STM32U5F9ZIJ6QTR, STM32U5F9ZIT6Q, STM32U5F9ZJJ6QTR, STM32U5F9ZJT6Q, STM32U5G7VJT6, STM32U5G7VJT6Q, STM32U5G9BJY6QTR, STM32U5G9J-DK1, STM32U5G9J-DK2, STM32U5G9NJH6Q, STM32U5G9VJT6Q, STM32U5G9ZJJ6QTR, STM32U5G9ZJT6Q, STM32WB1MMCH6, STM32WBA52CEU6, STM32WBA52CEU6T, STM32WBA52CGU6, STM32WBA52CGU6T, STM32WBA52KEU6, STM32WBA52KEU6T, STM32WBA52KGU6, STM32WBA52KGU6T, STM32WL5MOCH6, STM32WL5MOCH6TR]
2024-11-26 22:45:57,852 [WARN] MainUpdater:1189 - Updater busy. Cannot search thirdparties
2024-11-26 22:45:57,856 [INFO] ThirdPartyUpdaterWithRetryManager:96 - Updater plugin is busy. [15/15]
2024-11-26 22:45:57,857 [ERROR] IntegrityCheckThread:130 - Cannot retrieve database content from updater: error -1
2024-11-26 22:45:57,858 [INFO] ThirdParty:978 - Integrity check success = false
2024-11-26 22:45:57,858 [INFO] IntegrityCheckThread:100 - exiting critical section [integrity check]
2024-11-26 22:45:57,858 [INFO] IntegrityCheckThread:103 - End integrity checks thread
2024-11-26 22:45:57,904 [INFO] BoardInfo:880 - No configuration file found for board P-NUCLEO-WB55
2024-11-26 22:45:57,904 [INFO] DbBoards:157 - Kit is not supported: P-NUCLEO-WB55
2024-11-26 22:45:57,914 [INFO] BoardInfo:880 - No configuration file found for board STEVAL-BFA001V1B
2024-11-26 22:45:57,914 [INFO] DbBoards:157 - Kit is not supported: STEVAL-BFA001V1B
2024-11-26 22:45:57,916 [INFO] BoardInfo:880 - No configuration file found for board STEVAL-BFA001V2B
2024-11-26 22:45:57,916 [INFO] DbBoards:157 - Kit is not supported: STEVAL-BFA001V2B
2024-11-26 22:45:57,985 [INFO] ServerAccessManage:473 - Download File STMicroelectronics.X-CUBE-NFC6.pdsc
2024-11-26 22:45:58,264 [INFO] DbBoards:161 - Found 190 boards, 187 are supported
2024-11-26 22:45:58,273 [INFO] ApiDb:668 - CubeFinder database Data Model version=2.1
2024-11-26 22:45:58,273 [INFO] ApiDb:669 - CubeFinder database Configuration version=3.0.37
2024-11-26 22:45:58,273 [INFO] ApiDb:670 - CubeFinder database generation date=2023-10-13 (1697197505)
2024-11-26 22:45:58,273 [INFO] ApiDb:671 - CubeFinder database FW Pack versions=[FP-ATR-ASTRA1_V2.0.0, FP-SNS-FLIGHT1_V5.0.1, FP-SNS-FLIGHT1_V5.0.2, FP-SNS-MOTENV1_V4.3.1, FP-SNS-MOTENV1_V4.3.2, FP-SNS-SMARTAG2_V1.2.0, I-CUBE-ITTIADB_V8.6.3-1, STM32Cube_FW_C0_V1.1.0, STM32Cube_FW_F4_V1.27.1, STM32Cube_FW_F7_V1.17.0, STM32Cube_FW_G0_V1.6.1, STM32Cube_FW_G4_V1.5.1, STM32Cube_FW_H5_V0.5.1, STM32Cube_FW_H5_V1.1.1, STM32Cube_FW_H7_V1.11.0, STM32Cube_FW_L0_V1.12.2, STM32Cube_FW_L5_V1.5.0, STM32Cube_FW_U5_V1.3.0, STM32Cube_FW_U5_V1.3.0RC4, STM32Cube_FW_WBA_V1.0.0RC1, STM32Cube_FW_WBA_V1.1.0RC1, STM32Cube_FW_WBA_V1.1.1, STM32Cube_FW_WB_V1.15.0RC1, STM32Cube_FW_WB_V1.16.0, STM32Cube_FW_WB_V1.16.0RC2, STM32Cube_FW_WB_V1.17.3, STM32Cube_FW_WL_V1.3.0, X-CUBE-ALGOBUILD_V1.3.0, X-CUBE-ALS_V1.0.1, X-CUBE-AZRTOS-F4_V1.1.0, X-CUBE-AZRTOS-F7_V1.1.0, X-CUBE-AZRTOS-G0_V1.1.0, X-CUBE-AZRTOS-G4_V2.0.0, X-CUBE-AZRTOS-H7_V3.1.0, X-CUBE-AZRTOS-L4_V1.0.0, X-CUBE-AZRTOS-L4_V2.0.0, X-CUBE-AZRTOS-L5_V1.1.0, X-CUBE-AZRTOS-WB_V2.0.0, X-CUBE-AZRTOS-WL_V2.0.0, X-CUBE-BLE1_V7.0.0, X-CUBE-BLE2_V3.3.0, X-CUBE-BLEMGR_V2.0.0, X-CUBE-EEPRMA1_V4.1.0, X-CUBE-FREERTOS_V1.1.0, X-CUBE-GNSS1_V6.0.0, X-CUBE-MEMS1_V10.0.0, X-CUBE-MEMS1_V9.1.0, X-CUBE-MEMS1_V9.4.0, X-CUBE-MEMS1_V9.6.0, X-CUBE-NFC4_V3.0.0, X-CUBE-NFC7_V1.0.1, X-CUBE-SFXS2LP1_V4.0.0, X-CUBE-SUBG2_V5.0.0, X-CUBE-TOF1_V3.3.1]
2024-11-26 22:45:58,749 [INFO] ServerAccessManage:473 - Download File STMicroelectronics.X-CUBE-NFC9.pdsc
2024-11-26 22:45:59,120 [INFO] ServerAccessManage:473 - Download File STMicroelectronics.X-CUBE-NFC10.pdsc
2024-11-26 22:45:59,659 [INFO] ServerAccessManage:473 - Download File STMicroelectronics.X-CUBE-SAFEA1.pdsc
2024-11-26 22:46:00,210 [INFO] ServerAccessManage:473 - Download File STMicroelectronics.X-CUBE-TCPP.pdsc
2024-11-26 22:46:00,704 [INFO] ServerAccessManage:473 - Download File STMicroelectronics.X-CUBE-TOF1.pdsc
2024-11-26 22:46:02,954 [INFO] ApiDb:240 - Found 323 in-development CPN: [B-G473E-ZEST1S, B-WB1M-WPAN1, B-WL5M-SUBG1, NUCLEO-C031C6, NUCLEO-H503RB, NUCLEO-H563ZI, NUCLEO-U545RE-Q, NUCLEO-U5A5ZJ-Q, NUCLEO-WBA52CG, STEVAL-PROTEUS1, STEVAL-SMARTAG2, STEVAL-STWINBX1, STM320518-EVAL, STM32C0116-DK, STM32C011D6Y3TR, STM32C011D6Y6TR, STM32C011F4P3, STM32C011F4P6, STM32C011F4U3, STM32C011F4U6TR, STM32C011F6P3, STM32C011F6P6, STM32C011F6U3, STM32C011F6U6TR, STM32C011J4M3, STM32C011J4M6, STM32C011J6M3, STM32C011J6M6, STM32C0316-DK, STM32C031C4T3, STM32C031C4T6, STM32C031C4U3, STM32C031C4U6, STM32C031C6T3, STM32C031C6T6, STM32C031C6U3, STM32C031C6U6, STM32C031F4P3, STM32C031F4P6, STM32C031F6P3, STM32C031F6P6, STM32C031G4U3, STM32C031G4U6, STM32C031G6U3, STM32C031G6U6, STM32C031K4T3, STM32C031K4T6, STM32C031K4U3, STM32C031K4U6, STM32C031K6T3, STM32C031K6T6, STM32C031K6U3, STM32C031K6U6, STM32G071K8TXN, STM32G071K8UXN, STM32G081GBU6N, STM32G081KBT6N, STM32G081KBUXN, STM32G0B1CCT6N, STM32G0B1KCT6, STM32G0B1NEY6TR, STM32G0B1RCT6N, STM32G0C1CCT6, STM32G0C1CCT6N, STM32G0C1CCU6N, STM32G0C1CET6N, STM32G0C1CEU6N, STM32G0C1KCT6, STM32G0C1NEY6TR, STM32G0C1RCI6N, STM32G0C1RCT6N, STM32G0C1REI6N, STM32G0C1RET6N, STM32G0C1VCI6, STM32G0C1VEI6, STM32G471CCT6, STM32G471CCU6, STM32G471CET3, STM32G471CET6, STM32G471CEU3, STM32G471CEU6, STM32G471MCT6, STM32G471MET3, STM32G471MET6, STM32G471MEY6TR, STM32G471QCT6, STM32G471QET3, STM32G471RCT6, STM32G471RET3, STM32G471RET6, STM32G471VCH6, STM32G471VCI6, STM32G471VCT6, STM32G471VEH3, STM32G471VEH6, STM32G471VEI3, STM32G471VEI6, STM32G471VET3, STM32G471VET6, STM32G474CCT6, STM32H503CBT6, STM32H503CBU6, STM32H503EBY6TR, STM32H503KBU6, STM32H503RBT6, STM32H562AGI6, STM32H562AII6, STM32H562IGK6, STM32H562IGT6, STM32H562IIK6, STM32H562IIT6, STM32H562RGT6, STM32H562RGV6, STM32H562RIT6, STM32H562RIV6, STM32H562VGT6, STM32H562VIT6, STM32H562ZGT6, STM32H562ZIT6, STM32H563AGI6, STM32H563AII3Q, STM32H563AII6, STM32H563IGK6, STM32H563IGT6, STM32H563IIK3Q, STM32H563IIK6, STM32H563IIT3Q, STM32H563IIT6, STM32H563MIY3QTR, STM32H563RGT6, STM32H563RGV6, STM32H563RIT6, STM32H563RIV6, STM32H563VGT6, STM32H563VIT3Q, STM32H563VIT6, STM32H563ZGT6, STM32H563ZIT3Q, STM32H563ZIT6, STM32H573AII3Q, STM32H573AII6, STM32H573I-DK, STM32H573IIK3Q, STM32H573IIK6, STM32H573IIT3Q, STM32H573IIT6, STM32H573MIY3QTR, STM32H573RIT6, STM32H573RIV6, STM32H573VIT3Q, STM32H573VIT6, STM32H573ZIT3Q, STM32H573ZIT6, STM32L4R5QGI6STR, STM32MP131AAE3, STM32MP131AAF3, STM32MP131AAG3, STM32MP131CAE3, STM32MP131CAF3, STM32MP131CAG3, STM32MP131DAE7, STM32MP131DAF7, STM32MP131DAG7, STM32MP131FAE7, STM32MP131FAF7, STM32MP131FAG7, STM32MP133AAE3, STM32MP133AAF3, STM32MP133AAG3, STM32MP133CAE3, STM32MP133CAF3, STM32MP133CAG3, STM32MP133DAE7, STM32MP133DAF7, STM32MP133DAG7, STM32MP133FAE7, STM32MP133FAF7, STM32MP133FAG7, STM32MP135AAE3, STM32MP135AAF3, STM32MP135AAG3, STM32MP135CAE3, STM32MP135CAF3, STM32MP135CAG3, STM32MP135DAE7, STM32MP135DAF7, STM32MP135DAG7, STM32MP135F-DK, STM32MP135FAE7, STM32MP135FAF7, STM32MP135FAF7T, STM32MP135FAF7U, STM32MP135FAG7, STM32U535CBT6, STM32U535CBT6Q, STM32U535CBU6, STM32U535CBU6Q, STM32U535CCT6, STM32U535CCT6Q, STM32U535CCU6, STM32U535CCU6Q, STM32U535CET6, STM32U535CET6Q, STM32U535CEU6, STM32U535CEU6Q, STM32U535JEY6QTR, STM32U535NCY6QTR, STM32U535NEY6QTR, STM32U535RBI6, STM32U535RBI6Q, STM32U535RBT6, STM32U535RBT6Q, STM32U535RCI6, STM32U535RCI6Q, STM32U535RCT6, STM32U535RCT6Q, STM32U535REI6, STM32U535REI6Q, STM32U535RET6, STM32U535RET6Q, STM32U535VCI6, STM32U535VCI6Q, STM32U535VCT6, STM32U535VCT6Q, STM32U535VEI6, STM32U535VEI6Q, STM32U535VET6, STM32U535VET6Q, STM32U545CET6, STM32U545CET6Q, STM32U545CEU6, STM32U545CEU6Q, STM32U545JEY6QTR, STM32U545NEY6QTR, STM32U545REI6, STM32U545REI6Q, STM32U545RET6, STM32U545RET6Q, STM32U545VEI6, STM32U545VEI6Q, STM32U545VET6, STM32U545VET6Q, STM32U595AIH6, STM32U595AIH6Q, STM32U595AJH6, STM32U595AJH6Q, STM32U595QII6, STM32U595QII6Q, STM32U595QJI6, STM32U595QJI6Q, STM32U595RIT6, STM32U595RIT6Q, STM32U595RJT6, STM32U595RJT6Q, STM32U595VIT6, STM32U595VIT6Q, STM32U595VJT6, STM32U595VJT6Q, STM32U595ZIT6, STM32U595ZIT6Q, STM32U595ZIY6QTR, STM32U595ZJT6, STM32U595ZJT6Q, STM32U595ZJY6QTR, STM32U599BJY6QTR, STM32U599NIH6Q, STM32U599NJH6Q, STM32U599VIT6Q, STM32U599VJT6, STM32U599VJT6Q, STM32U599ZIT6Q, STM32U599ZIY6QTR, STM32U599ZJT6Q, STM32U599ZJY6QTR, STM32U5A5AJH6, STM32U5A5AJH6Q, STM32U5A5QJI6, STM32U5A5QJI6Q, STM32U5A5RJT6, STM32U5A5RJT6Q, STM32U5A5VJT6, STM32U5A5VJT6Q, STM32U5A5ZJT6, STM32U5A5ZJT6Q, STM32U5A5ZJY6QTR, STM32U5A9BJY6QTR, STM32U5A9J-DK, STM32U5A9NJH6Q, STM32U5A9VJT6Q, STM32U5A9ZJT6Q, STM32U5A9ZJY6QTR, STM32U5F7VIT6, STM32U5F7VIT6Q, STM32U5F7VJT6, STM32U5F7VJT6Q, STM32U5F9BJY6QTR, STM32U5F9NJH6Q, STM32U5F9VIT6Q, STM32U5F9VJT6Q, STM32U5F9ZIJ6QTR, STM32U5F9ZIT6Q, STM32U5F9ZJJ6QTR, STM32U5F9ZJT6Q, STM32U5G7VJT6, STM32U5G7VJT6Q, STM32U5G9BJY6QTR, STM32U5G9J-DK1, STM32U5G9J-DK2, STM32U5G9NJH6Q, STM32U5G9VJT6Q, STM32U5G9ZJJ6QTR, STM32U5G9ZJT6Q, STM32WB1MMCH6, STM32WBA52CEU6, STM32WBA52CEU6T, STM32WBA52CGU6, STM32WBA52CGU6T, STM32WBA52KEU6, STM32WBA52KEU6T, STM32WBA52KGU6, STM32WBA52KGU6T, STM32WL5MOCH6, STM32WL5MOCH6TR]
2024-11-26 22:46:02,964 [INFO] DbMcus:217 - Found 3848 MCUs, 3848 are supported
2024-11-26 22:46:02,967 [INFO] ApiDb:423 - Load user favorites file C:\Users\HP/.stm32cubeide/favorites.mcus.txt: 0 item(s)
2024-11-26 22:46:02,968 [INFO] ApiDb:427 - User favorites MCUs=[]
2024-11-26 22:46:02,969 [INFO] DbMcus:223 - Set 0 / 0 favorites MCUs
2024-11-26 22:46:03,091 [ERROR] ServerAccessManage:1089 - Problem, file not found on Server
2024-11-26 22:46:03,488 [INFO] ServerAccessManage:473 - Download File STMicroelectronics.X-CUBE-TOUCHGFX.pdsc
2024-11-26 22:46:03,714 [INFO] ApiDb:414 - User favorites file not found: C:\Users\HP/.stm32cubeide/favorites.boards.txt
2024-11-26 22:46:03,714 [INFO] DbBoards:190 - Set 0 / 0 favorites Boards
2024-11-26 22:46:03,715 [INFO] McuFinderGlobals:76 - Set McuFinderConnectedMode to true
2024-11-26 22:46:03,727 [INFO] MultiScanPanel:200 - Auto-refresh data requested => check proxy status ongoing
2024-11-26 22:46:03,733 [INFO] FinderPluginLoader:95 - Searching for filters in installed packs
2024-11-26 22:46:07,229 [ERROR] WebUtils:388 - Updater is busy
2024-11-26 22:46:07,230 [WARN] DetailPanel:346 - Failed to get advertising image, set to default
2024-11-26 22:46:09,777 [INFO] ServerAccessManage:473 - Download File STMicroelectronics.X-CUBE-ALGOBUILD.pdsc
2024-11-26 22:46:13,167 [INFO] ServerAccessManage:473 - Download File STMicroelectronics.X-CUBE-AZRTOS-H7.pdsc
2024-11-26 22:46:15,644 [INFO] ServerAccessManage:473 - Download File STMicroelectronics.X-CUBE-AZRTOS-H7RS.pdsc
2024-11-26 22:46:16,556 [INFO] ServerAccessManage:473 - Download File STMicroelectronics.X-CUBE-WB05N.pdsc
2024-11-26 22:46:18,142 [INFO] ServerAccessManage:473 - Download File wolfSSL.I-CUBE-wolfMQTT.pdsc
2024-11-26 22:46:20,972 [ERROR] ServerAccessManage:1089 - Problem, file not found on Server
2024-11-26 22:46:21,269 [INFO] ServerAccessManage:473 - Download File wolfSSL.I-CUBE-wolfTPM.pdsc
2024-11-26 22:46:24,097 [INFO] ServerAccessManage:473 - Download File wolfSSL.I-CUBE-wolfSSH.pdsc
2024-11-26 22:46:28,076 [INFO] ServerAccessManage:473 - Download File RealThread.X-CUBE-RT-Thread_Nano.pdsc
2024-11-26 22:46:37,740 [INFO] ServerAccessManage:473 - Download File Cesanta.I-CUBE-Mongoose.pdsc
2024-11-26 22:46:51,917 [ERROR] ServerAccessManage:1146 - Warning during Server Connection :  Unknown host www.embedded-office.net
2024-11-26 22:46:51,918 [ERROR] ServerAccessManage:651 - Unknown host server name. : EmbeddedOffice.I-CUBE-FS-RTOS.pdsc.
2024-11-26 22:47:05,862 [INFO] ServerAccessManage:473 - Download File quantropi.X-CUBE-qispace-sdk-base.pdsc
2024-11-26 22:47:06,401 [WARN] PackLoader:240 - Cannot read IP mode file for STMicroelectronics.FP-ATR-ASTRA1.2.0.1
2024-11-26 22:47:06,413 [WARN] PopulateThirdPartyThread:106 - Error when creating pack: C:/Users/HP/.stm32cubemx/thirdparties/pdsc/STMicroelectronics.FP-SNS-STBOX1.pdsc
2024-11-26 22:47:06,433 [WARN] PackLoader:240 - Cannot read IP mode file for STMicroelectronics.FP-SNS-MOTENV1.5.0.0
2024-11-26 22:47:06,474 [WARN] PackLoader:240 - Cannot read IP mode file for STMicroelectronics.FP-SNS-MOTENVWB1.1.4.0
2024-11-26 22:47:06,496 [WARN] PackLoader:240 - Cannot read IP mode file for STMicroelectronics.X-CUBE-AI.9.1.0
2024-11-26 22:47:06,531 [WARN] PackLoader:240 - Cannot read IP mode file for STMicroelectronics.X-CUBE-ALS.1.0.2
2024-11-26 22:47:06,565 [WARN] PackLoader:240 - Cannot read IP mode file for STMicroelectronics.X-CUBE-BLEMGR.3.1.0
2024-11-26 22:47:06,586 [WARN] PopulateThirdPartyThread:106 - Error when creating pack: C:/Users/HP/.stm32cubemx/thirdparties/pdsc/STMicroelectronics.X-CUBE-DPOWER.pdsc
2024-11-26 22:47:06,602 [WARN] PackLoader:240 - Cannot read IP mode file for STMicroelectronics.X-CUBE-EEPRMA1.5.1.0
2024-11-26 22:47:06,622 [WARN] PackLoader:240 - Cannot read IP mode file for STMicroelectronics.X-CUBE-FREERTOS.1.2.0
2024-11-26 22:47:06,661 [WARN] PackLoader:240 - Cannot read IP mode file for STMicroelectronics.X-CUBE-GNSS1.7.0.0
2024-11-26 22:47:06,675 [WARN] PackLoader:240 - Cannot read IP mode file for STMicroelectronics.X-CUBE-ISPU.2.1.0
2024-11-26 22:47:06,688 [WARN] PopulateThirdPartyThread:106 - Error when creating pack: C:/Users/HP/.stm32cubemx/thirdparties/pdsc/STMicroelectronics.X-CUBE-IPS.pdsc
2024-11-26 22:47:06,844 [WARN] PackLoader:240 - Cannot read IP mode file for STMicroelectronics.X-CUBE-MEMS1.11.0.0
2024-11-26 22:47:06,915 [INFO] CheckServerUpdateThread:120 - End of CheckServer Thread
2024-11-26 22:47:07,451 [WARN] PackLoader:240 - Cannot read IP mode file for STMicroelectronics.X-CUBE-NFC6.3.1.0
2024-11-26 22:47:07,529 [WARN] PackLoader:240 - Cannot read IP mode file for STMicroelectronics.X-CUBE-NFC9.1.0.0
2024-11-26 22:47:07,549 [WARN] PackLoader:240 - Cannot read IP mode file for STMicroelectronics.X-CUBE-NFC10.1.0.0
2024-11-26 22:47:07,565 [WARN] PackLoader:240 - Cannot read IP mode file for STMicroelectronics.X-CUBE-SAFEA1.1.2.2
2024-11-26 22:47:07,578 [WARN] PackLoader:240 - Cannot read IP mode file for STMicroelectronics.X-CUBE-TCPP.4.1.0
2024-11-26 22:47:07,591 [WARN] PopulateThirdPartyThread:106 - Error when creating pack: C:/Users/HP/.stm32cubemx/thirdparties/pdsc/STMicroelectronics.X-CUBE-TOF1.pdsc
2024-11-26 22:47:07,597 [WARN] PackLoader:240 - Cannot read IP mode file for STMicroelectronics.X-CUBE-TOUCHGFX.4.24.1
2024-11-26 22:47:07,609 [WARN] PackLoader:240 - Cannot read IP mode file for STMicroelectronics.X-CUBE-ALGOBUILD.1.4.0
2024-11-26 22:47:07,672 [WARN] PackLoader:240 - Cannot read IP mode file for STMicroelectronics.X-CUBE-AZRTOS-H7.3.3.0
2024-11-26 22:47:07,714 [WARN] PackLoader:240 - Cannot read IP mode file for STMicroelectronics.X-CUBE-AZRTOS-H7RS.1.0.0
2024-11-26 22:47:07,730 [WARN] PackLoader:240 - Cannot read IP mode file for STMicroelectronics.X-CUBE-WB05N.1.1.0
2024-11-26 22:47:07,759 [WARN] PackLoader:240 - Cannot read IP mode file for wolfSSL.I-CUBE-wolfMQTT.1.19.0
2024-11-26 22:47:07,766 [WARN] PackLoader:240 - Cannot read IP mode file for wolfSSL.I-CUBE-wolfTPM.3.4.0
2024-11-26 22:47:07,773 [WARN] PackLoader:240 - Cannot read IP mode file for wolfSSL.I-CUBE-wolfSSH.1.4.17
2024-11-26 22:47:07,776 [WARN] PopulateThirdPartyThread:106 - Error when creating pack: C:/Users/HP/.stm32cubemx/thirdparties/pdsc/RealThread.X-CUBE-RT-Thread_Nano.pdsc
2024-11-26 22:47:07,784 [WARN] PackLoader:240 - Cannot read IP mode file for Cesanta.I-CUBE-Mongoose.7.13.0
2024-11-26 22:47:07,787 [WARN] PopulateThirdPartyThread:106 - Error when creating pack: C:/Users/HP/.stm32cubemx/thirdparties/pdsc/quantropi.X-CUBE-qispace-sdk-base.pdsc
2024-11-26 22:47:07,787 [INFO] PopulateThirdPartyThread:66 - Ending populate Thread
2024-11-26 22:47:07,796 [INFO] ThirdParty:1030 - CMSIS Pack Vendor :STMicroelectronics X-CUBE-AZRTOS-H7 3.3.0
2024-11-26 22:47:07,796 [INFO] ThirdParty:1030 - CMSIS Pack Vendor :STMicroelectronics X-CUBE-NFC9 1.0.0
2024-11-26 22:47:07,796 [INFO] ThirdParty:1030 - CMSIS Pack Vendor :STMicroelectronics FP-SNS-MOTENVWB1 1.4.0
2024-11-26 22:47:07,796 [INFO] ThirdParty:1030 - CMSIS Pack Vendor :STMicroelectronics FP-ATR-ASTRA1 2.0.1
2024-11-26 22:47:07,796 [INFO] ThirdParty:1030 - CMSIS Pack Vendor :STMicroelectronics X-CUBE-NFC10 1.0.0
2024-11-26 22:47:07,796 [INFO] ThirdParty:1030 - CMSIS Pack Vendor :STMicroelectronics X-CUBE-WB05N 1.1.0
2024-11-26 22:47:07,796 [INFO] ThirdParty:1030 - CMSIS Pack Vendor :STMicroelectronics X-CUBE-ISPU 2.1.0
2024-11-26 22:47:07,797 [INFO] ThirdParty:1030 - CMSIS Pack Vendor :STMicroelectronics X-CUBE-TCPP 4.1.0
2024-11-26 22:47:07,797 [INFO] ThirdParty:1030 - CMSIS Pack Vendor :STMicroelectronics X-CUBE-EEPRMA1 5.1.0
2024-11-26 22:47:07,797 [INFO] ThirdParty:1030 - CMSIS Pack Vendor :STMicroelectronics X-CUBE-ALS 1.0.2
2024-11-26 22:47:07,797 [INFO] ThirdParty:1030 - CMSIS Pack Vendor :STMicroelectronics X-CUBE-FREERTOS 1.2.0
2024-11-26 22:47:07,797 [INFO] ThirdParty:1030 - CMSIS Pack Vendor :STMicroelectronics X-CUBE-GNSS1 7.0.0
2024-11-26 22:47:07,798 [INFO] ThirdParty:1030 - CMSIS Pack Vendor :STMicroelectronics X-CUBE-TOUCHGFX 4.24.1
2024-11-26 22:47:07,798 [INFO] ThirdParty:1030 - CMSIS Pack Vendor :wolfSSL I-CUBE-wolfTPM 3.4.0
2024-11-26 22:47:07,798 [INFO] ThirdParty:1030 - CMSIS Pack Vendor :STMicroelectronics X-CUBE-NFC6 3.1.0
2024-11-26 22:47:07,798 [INFO] ThirdParty:1030 - CMSIS Pack Vendor :STMicroelectronics X-CUBE-BLEMGR 3.1.0
2024-11-26 22:47:07,799 [INFO] ThirdParty:1030 - CMSIS Pack Vendor :STMicroelectronics X-CUBE-MEMS1 11.0.0
2024-11-26 22:47:07,802 [INFO] ThirdParty:1030 - CMSIS Pack Vendor :STMicroelectronics X-CUBE-ALGOBUILD 1.4.0
2024-11-26 22:47:07,802 [INFO] ThirdParty:1030 - CMSIS Pack Vendor :STMicroelectronics FP-SNS-MOTENV1 5.0.0
2024-11-26 22:47:07,802 [INFO] ThirdParty:1030 - CMSIS Pack Vendor :STMicroelectronics X-CUBE-SAFEA1 1.2.2
2024-11-26 22:47:07,802 [INFO] ThirdParty:1030 - CMSIS Pack Vendor :STMicroelectronics X-CUBE-AZRTOS-H7RS 1.0.0
2024-11-26 22:47:07,802 [INFO] ThirdParty:1030 - CMSIS Pack Vendor :wolfSSL I-CUBE-wolfMQTT 1.19.0
2024-11-26 22:47:07,804 [INFO] ThirdParty:1030 - CMSIS Pack Vendor :Cesanta I-CUBE-Mongoose 7.13.0
2024-11-26 22:47:07,805 [INFO] ThirdParty:1030 - CMSIS Pack Vendor :STMicroelectronics X-CUBE-AI 9.1.0
2024-11-26 22:47:07,806 [INFO] ThirdParty:1030 - CMSIS Pack Vendor :wolfSSL I-CUBE-wolfSSH 1.4.17
2024-11-26 22:47:07,808 [INFO] LoadServerUpdatesThread:373 - End of LoadServerUpdate Thread
2024-11-26 22:49:05,296 [INFO] ServerAccessManage:473 - Download File 
2024-11-26 22:49:05,689 [INFO] LoadUrlFilesThread:185 - End of LoadServerUrlFiles without Thread
2024-11-26 22:49:05,715 [INFO] McuAction:171 - Block Diagram
2024-11-26 22:49:06,881 [INFO] McuAction:49 - Features
2024-11-26 22:49:12,480 [INFO] MultiScanPanel:200 - Auto-refresh data requested => check proxy status ongoing
2024-11-26 22:49:13,041 [INFO] LoadUrlFilesThread:185 - End of LoadServerUrlFiles without Thread
2024-11-26 22:49:13,371 [INFO] DetailPanel:341 - Set advertising image to C:/Users/HP/STM32Cube/Repository/\en.prom-stm32wl3-mcu-finder.jpg
2024-11-26 22:49:13,394 [INFO] DbBoards:634 - Loading board mini-images...
2024-11-26 22:49:23,314 [INFO] DbBoards:657 - Loaded 190 board mini-images
2024-11-26 22:53:13,582 [INFO] MainUpdater:2868 - connection check result : 10
2024-11-26 22:53:13,582 [INFO] MainUpdater:2868 - connection check result : 10
2024-11-26 22:53:13,646 [INFO] MicroXplorer:468 - Change Database Path : 
2024-11-26 22:53:13,647 [INFO] MicroXplorer:498 - Change Database Version : DB.6.0.92
2024-11-26 22:53:13,655 [WARN] ThirdParty:871 - waiting for thirdparty lock release [close project]
2024-11-26 22:53:13,655 [INFO] ThirdParty:873 - entering critical section [close project]
2024-11-26 22:53:13,657 [INFO] ThirdParty:883 - exiting critical section [close project]
2024-11-26 22:53:13,663 [INFO] PinOutPanel:1499 - setPackage(No Configuration,No Configuration)
2024-11-26 22:53:13,675 [INFO] UtilMem:75 - Begin LoadConfig() Used Memory: 835574256 Bytes (1073741824)
2024-11-26 22:53:13,678 [INFO] MicroXplorer:468 - Change Database Path : 
2024-11-26 22:53:13,678 [INFO] MicroXplorer:498 - Change Database Version : DB.6.0.92
2024-11-26 22:53:13,678 [INFO] OpenFileManager:308 - Change cursor
2024-11-26 22:53:13,707 [WARN] IntegrityCheckThread:84 - waiting for thirdparty lock release [integrity check]
2024-11-26 22:53:13,708 [INFO] IntegrityCheckThread:86 - entering critical section [integrity check]
2024-11-26 22:53:14,115 [WARN] PackLoader:240 - Cannot read IP mode file for STMicroelectronics.FP-SNS-MOTENVWB1.1.4.0
2024-11-26 22:53:14,124 [WARN] PackLoader:240 - Cannot read IP mode file for STMicroelectronics.FP-ATR-ASTRA1.2.0.1
2024-11-26 22:53:14,149 [WARN] PackLoader:240 - Cannot read IP mode file for STMicroelectronics.X-CUBE-SMBUS.2.1.0
2024-11-26 22:53:14,159 [WARN] PackLoader:240 - Cannot read IP mode file for STMicroelectronics.X-CUBE-WB05N.1.1.0
2024-11-26 22:53:14,188 [WARN] PackLoader:240 - Cannot read IP mode file for STMicroelectronics.X-CUBE-TOUCHGFX.4.23.0
2024-11-26 22:53:14,234 [WARN] PackLoader:240 - Cannot read IP mode file for STMicroelectronics.X-CUBE-AZRTOS-F7.1.1.0
2024-11-26 22:53:14,269 [WARN] PackLoader:240 - Cannot read IP mode file for STMicroelectronics.FP-SNS-MOTENV1.4.3.2
2024-11-26 22:53:14,381 [WARN] PackLoader:240 - Cannot read IP mode file for STMicroelectronics.X-CUBE-MEMS1.11.0.0
2024-11-26 22:53:14,658 [WARN] PackLoader:240 - Cannot read IP mode file for STMicroelectronics.FP-SNS-FLIGHT1.5.0.2
2024-11-26 22:53:14,688 [WARN] PackLoader:240 - Cannot read IP mode file for STMicroelectronics.X-CUBE-DISPLAY.3.0.0
2024-11-26 22:53:14,726 [WARN] PackLoader:240 - Cannot read IP mode file for STMicroelectronics.X-CUBE-BLE1.7.0.0
2024-11-26 22:53:14,733 [WARN] PackLoader:240 - Cannot read IP mode file for STMicroelectronics.X-CUBE-NFC10.1.0.0
2024-11-26 22:53:14,757 [WARN] PackLoader:240 - Cannot read IP mode file for emotas.I-CUBE-CANOPEN.1.3.0
2024-11-26 22:53:14,778 [WARN] PackLoader:240 - Cannot read IP mode file for STMicroelectronics.X-CUBE-TOUCHGFX.4.22.0
2024-11-26 22:53:14,804 [WARN] PackLoader:240 - Cannot read IP mode file for STMicroelectronics.X-CUBE-TOUCHGFX.4.22.1
2024-11-26 22:53:14,819 [WARN] PackLoader:240 - Cannot read IP mode file for STMicroelectronics.X-CUBE-BLEMGR.3.1.0
2024-11-26 22:53:14,842 [WARN] PackLoader:240 - Cannot read IP mode file for STMicroelectronics.FP-SNS-SMARTAG2.1.2.0
2024-11-26 22:53:14,878 [INFO] LogOutputStream:77 - [STDOUT_REDIRECT] 1 : Invalid condition id : UX_CORESTACK_Condition cause : null
2024-11-26 22:53:14,878 [INFO] LogOutputStream:77 - [STDOUT_REDIRECT] 1 : Invalid condition id : UX_CORESTACK_Condition cause : null
2024-11-26 22:53:14,882 [INFO] LogOutputStream:77 - [STDOUT_REDIRECT] 1 : Invalid condition id : UX_CORESTACK_Condition cause : null
2024-11-26 22:53:14,885 [INFO] LogOutputStream:77 - [STDOUT_REDIRECT] 1 : Invalid condition id : UX_CORESTACK_Condition cause : null
2024-11-26 22:53:14,892 [INFO] LogOutputStream:77 - [STDOUT_REDIRECT] 1 : Invalid condition id : UX_CORESTACK_Condition cause : null
2024-11-26 22:53:14,897 [WARN] PackLoader:240 - Cannot read IP mode file for STMicroelectronics.X-CUBE-AZRTOS-WL.2.0.0
2024-11-26 22:53:14,906 [WARN] PackLoader:240 - Cannot read IP mode file for STMicroelectronics.FP-SNS-MOTENV1.5.0.0
2024-11-26 22:53:14,915 [WARN] PackLoader:240 - Cannot read IP mode file for wolfSSL.I-CUBE-wolfMQTT.1.19.0
2024-11-26 22:53:14,940 [WARN] PackLoader:240 - Cannot read IP mode file for WES.I-CUBE-Cesium.1.3.0
2024-11-26 22:53:14,966 [WARN] PackLoader:240 - Cannot read IP mode file for STMicroelectronics.X-CUBE-BLE2.3.3.0
2024-11-26 22:53:14,975 [WARN] PackLoader:240 - Cannot read IP mode file for STMicroelectronics.X-CUBE-NFC9.1.0.0
2024-11-26 22:53:14,984 [WARN] PackLoader:240 - Cannot read IP mode file for STMicroelectronics.X-CUBE-TCPP.4.1.0
2024-11-26 22:53:15,016 [WARN] PackLoader:240 - Cannot read IP mode file for STMicroelectronics.X-CUBE-ALGOBUILD.1.3.0
2024-11-26 22:53:15,073 [WARN] PackLoader:240 - Cannot read IP mode file for STMicroelectronics.X-CUBE-AZRTOS-G0.1.1.0
2024-11-26 22:53:15,085 [WARN] PackLoader:240 - Cannot read IP mode file for STMicroelectronics.X-CUBE-SAFEA1.1.2.2
2024-11-26 22:53:15,120 [WARN] PackLoader:240 - Cannot read IP mode file for STMicroelectronics.X-CUBE-NFC4.3.0.0
2024-11-26 22:53:15,148 [WARN] PackLoader:240 - Cannot read IP mode file for STMicroelectronics.X-CUBE-BLEMGR.3.0.0
2024-11-26 22:53:15,155 [ERROR] Engine:466 - C:\Users\HP\.stm32cubemx\thirdparties\pdsc\RealThread.X-CUBE-RT-Thread_Nano.4.1.1.pdsc: PDSC version is not supported
2024-11-26 22:53:15,177 [WARN] PackLoader:240 - Cannot read IP mode file for STMicroelectronics.FP-ATR-SIGFOX1.3.2.0
2024-11-26 22:53:15,181 [ERROR] Engine:466 - C:\Users\HP\.stm32cubemx\thirdparties\pdsc\quantropi.X-CUBE-qispace-sdk-base.1.9.3.pdsc: PDSC version is not supported
2024-11-26 22:53:15,188 [WARN] PackLoader:240 - Cannot read IP mode file for STMicroelectronics.X-CUBE-EEPRMA1.5.1.0
2024-11-26 22:53:15,300 [WARN] PackLoader:240 - Cannot read IP mode file for SEGGER.I-CUBE-embOS.1.3.1
2024-11-26 22:53:15,457 [WARN] PackLoader:240 - Cannot read IP mode file for STMicroelectronics.X-CUBE-ALGOBUILD.1.4.0
2024-11-26 22:53:15,465 [WARN] PackLoader:240 - Cannot read IP mode file for STMicroelectronics.X-CUBE-AI.9.1.0
2024-11-26 22:53:15,495 [WARN] PackLoader:240 - Cannot read IP mode file for STMicroelectronics.X-CUBE-GNSS1.6.0.0
2024-11-26 22:53:15,556 [WARN] PackLoader:240 - Cannot read IP mode file for STMicroelectronics.X-CUBE-AZRTOS-F4.1.1.0
2024-11-26 22:53:15,588 [WARN] PackLoader:240 - Cannot read IP mode file for wolfSSL.I-CUBE-wolfSSL.5.6.3
2024-11-26 22:53:15,597 [WARN] PackLoader:240 - Cannot read IP mode file for STMicroelectronics.X-CUBE-ISPU.2.1.0
2024-11-26 22:53:15,609 [WARN] PackLoader:240 - Cannot read IP mode file for STMicroelectronics.X-CUBE-FREERTOS.1.2.0
2024-11-26 22:53:15,694 [WARN] PackLoader:240 - Cannot read IP mode file for STMicroelectronics.X-CUBE-AZRTOS-L5.2.0.0
2024-11-26 22:53:15,883 [WARN] PackLoader:240 - Cannot read IP mode file for STMicroelectronics.X-CUBE-MEMS1.9.6.0
2024-11-26 22:53:16,319 [WARN] PackLoader:240 - Cannot read IP mode file for STMicroelectronics.X-CUBE-EEPRMA1.4.2.0
2024-11-26 22:53:16,336 [WARN] PackLoader:240 - Cannot read IP mode file for STMicroelectronics.X-CUBE-NFC6.3.1.0
2024-11-26 22:53:16,371 [WARN] PackLoader:240 - Cannot read IP mode file for ITTIA_DB.I-CUBE-ITTIADB.8.8.0
2024-11-26 22:53:16,402 [WARN] PackLoader:240 - Cannot read IP mode file for STMicroelectronics.X-CUBE-BLEMGR.2.0.0
2024-11-26 22:53:16,411 [ERROR] Engine:466 - C:\Users\HP\.stm32cubemx\thirdparties\pdsc\STMicroelectronics.X-CUBE-DPower.1.2.0.pdsc: PDSC version is not supported
2024-11-26 22:53:16,492 [WARN] ConditionMgr:438 - getConditionDescription Invalid condition id : UX DEVICE CLASS RTOS Condition cause : null
2024-11-26 22:53:16,492 [WARN] ConditionMgr:438 - getConditionDescription Invalid condition id : UX DEVICE CLASS RTOS Condition cause : null
2024-11-26 22:53:16,499 [WARN] PackLoader:240 - Cannot read IP mode file for STMicroelectronics.X-CUBE-AZRTOS-H7.3.1.0
2024-11-26 22:53:16,501 [WARN] ConditionMgr:1039 - genDependencies : Invalid condition id : UX DEVICE CLASS RTOS Condition cause : null
2024-11-26 22:53:16,501 [WARN] ConditionMgr:1039 - genDependencies : Invalid condition id : UX DEVICE CLASS RTOS Condition cause : null
2024-11-26 22:53:16,504 [WARN] ConditionMgr:1039 - genDependencies : Invalid condition id : UX DEVICE CLASS RTOS Condition cause : null
2024-11-26 22:53:16,505 [WARN] ConditionMgr:1039 - genDependencies : Invalid condition id : UX DEVICE CLASS RTOS Condition cause : null
2024-11-26 22:53:16,505 [WARN] ConditionMgr:1039 - genDependencies : Invalid condition id : UX DEVICE CLASS RTOS Condition cause : null
2024-11-26 22:53:16,539 [WARN] PackLoader:240 - Cannot read IP mode file for STMicroelectronics.X-CUBE-NFC7.1.0.1
2024-11-26 22:53:16,578 [WARN] PackLoader:240 - Cannot read IP mode file for STMicroelectronics.X-CUBE-NFC6.3.0.0
2024-11-26 22:53:16,615 [WARN] PackLoader:240 - Cannot read IP mode file for STMicroelectronics.X-CUBE-EEPRMA1.4.1.0
2024-11-26 22:53:16,645 [WARN] PackLoader:240 - Cannot read IP mode file for STMicroelectronics.X-CUBE-AI.8.1.0
2024-11-26 22:53:16,757 [WARN] ConditionMgr:438 - getConditionDescription Invalid condition id : LAN8742 Phy interface Condition cause : null
2024-11-26 22:53:16,759 [WARN] PackLoader:240 - Cannot read IP mode file for STMicroelectronics.X-CUBE-AZRTOS-L4.2.0.0
2024-11-26 22:53:16,762 [WARN] ConditionMgr:1039 - genDependencies : Invalid condition id : LAN8742 Phy interface Condition cause : null
2024-11-26 22:53:16,763 [WARN] ConditionMgr:1039 - genDependencies : Invalid condition id : LAN8742 Phy interface Condition cause : null
2024-11-26 22:53:16,764 [WARN] ConditionMgr:1039 - genDependencies : Invalid condition id : LAN8742 Phy interface Condition cause : null
2024-11-26 22:53:16,828 [WARN] PackLoader:240 - Cannot read IP mode file for STMicroelectronics.X-CUBE-SFXS2LP1.4.0.0
2024-11-26 22:53:16,862 [WARN] PackLoader:240 - Cannot read IP mode file for STMicroelectronics.X-CUBE-ISPU.1.1.0
2024-11-26 22:53:16,914 [WARN] PackLoader:240 - Cannot read IP mode file for STMicroelectronics.X-CUBE-AZRTOS-H7.3.3.0
2024-11-26 22:53:16,956 [ERROR] Engine:466 - C:\Users\HP\.stm32cubemx\thirdparties\pdsc\STMicroelectronics.X-CUBE-IPS.3.0.0.pdsc: PDSC version is not supported
2024-11-26 22:53:17,015 [WARN] ConditionMgr:438 - getConditionDescription Invalid condition id : UX DEVICE CLASS RTOS Condition cause : null
2024-11-26 22:53:17,016 [WARN] ConditionMgr:438 - getConditionDescription Invalid condition id : UX DEVICE CLASS RTOS Condition cause : null
2024-11-26 22:53:17,022 [WARN] PackLoader:240 - Cannot read IP mode file for STMicroelectronics.X-CUBE-AZRTOS-WB.2.0.0
2024-11-26 22:53:17,023 [WARN] ConditionMgr:1039 - genDependencies : Invalid condition id : UX DEVICE CLASS RTOS Condition cause : null
2024-11-26 22:53:17,023 [WARN] ConditionMgr:1039 - genDependencies : Invalid condition id : UX DEVICE CLASS RTOS Condition cause : null
2024-11-26 22:53:17,024 [WARN] ConditionMgr:1039 - genDependencies : Invalid condition id : UX DEVICE CLASS RTOS Condition cause : null
2024-11-26 22:53:17,025 [WARN] ConditionMgr:1039 - genDependencies : Invalid condition id : UX DEVICE CLASS RTOS Condition cause : null
2024-11-26 22:53:17,025 [WARN] ConditionMgr:1039 - genDependencies : Invalid condition id : UX DEVICE CLASS RTOS Condition cause : null
2024-11-26 22:53:17,039 [WARN] PackLoader:240 - Cannot read IP mode file for STMicroelectronics.X-CUBE-GNSS1.7.0.0
2024-11-26 22:53:17,047 [ERROR] Engine:466 - C:\Users\HP\.stm32cubemx\thirdparties\pdsc\STMicroelectronics.FP-SNS-STBOX1.2.0.0.pdsc: PDSC version is not supported
2024-11-26 22:53:17,088 [WARN] PackLoader:240 - Cannot read IP mode file for STMicroelectronics.X-CUBE-SUBG2.5.0.0
2024-11-26 22:53:17,107 [WARN] PackLoader:240 - Cannot read IP mode file for Cesanta.I-CUBE-Mongoose.7.13.0
2024-11-26 22:53:17,170 [WARN] PackLoader:240 - Cannot read IP mode file for STMicroelectronics.X-CUBE-TOF1.3.3.1
2024-11-26 22:53:17,289 [WARN] PackLoader:240 - Cannot read IP mode file for STMicroelectronics.X-CUBE-AZRTOS-G4.2.0.0
2024-11-26 22:53:17,409 [WARN] PackLoader:240 - Cannot read IP mode file for Infineon.AIROC-Wi-Fi-Bluetooth-STM32.1.5.1
2024-11-26 22:53:17,442 [WARN] PackLoader:240 - Cannot read IP mode file for STMicroelectronics.FP-SNS-MOTENVWB1.1.3.0
2024-11-26 22:53:17,452 [WARN] PackLoader:240 - Cannot read IP mode file for STMicroelectronics.FP-SNS-MOTENVWB1.1.3.1
2024-11-26 22:53:17,496 [WARN] PackLoader:240 - Cannot read IP mode file for STMicroelectronics.X-CUBE-ISPU.2.0.0
2024-11-26 22:53:17,506 [WARN] PackLoader:240 - Cannot read IP mode file for STMicroelectronics.X-CUBE-ALS.1.0.2
2024-11-26 22:53:17,639 [WARN] PackLoader:240 - Cannot read IP mode file for STMicroelectronics.X-CUBE-MEMS1.10.0.0
2024-11-26 22:53:17,958 [WARN] PackLoader:240 - Cannot read IP mode file for STMicroelectronics.X-CUBE-FREERTOS.1.1.0
2024-11-26 22:53:17,964 [WARN] PackLoader:240 - Cannot read IP mode file for STMicroelectronics.X-CUBE-TOUCHGFX.4.24.1
2024-11-26 22:53:17,971 [WARN] PackLoader:240 - Cannot read IP mode file for wolfSSL.I-CUBE-wolfTPM.3.4.0
2024-11-26 22:53:18,007 [WARN] PackLoader:240 - Cannot read IP mode file for portGmbH.I-Cube-SoM-uGOAL.1.1.0
2024-11-26 22:53:18,030 [WARN] PackLoader:240 - Cannot read IP mode file for STMicroelectronics.X-CUBE-ALS.1.0.1
2024-11-26 22:53:18,060 [WARN] PackLoader:240 - Cannot read IP mode file for STMicroelectronics.X-CUBE-AZRTOS-H7RS.1.0.0
2024-11-26 22:53:18,086 [WARN] PackLoader:240 - Cannot read IP mode file for STMicroelectronics.FP-ATR-ASTRA1.2.0.0
2024-11-26 22:53:18,095 [ERROR] Engine:466 - C:\Users\HP\.stm32cubemx\thirdparties\pdsc\STMicroelectronics.X-CUBE-TOF1.3.4.2.pdsc: PDSC version is not supported
2024-11-26 22:53:18,207 [WARN] PackLoader:240 - Cannot read IP mode file for STMicroelectronics.X-CUBE-TOF1.3.4.0
2024-11-26 22:53:18,313 [WARN] PackLoader:240 - Cannot read IP mode file for STMicroelectronics.X-CUBE-AZRTOS-H7.3.2.0
2024-11-26 22:53:18,326 [WARN] PackLoader:240 - Cannot read IP mode file for wolfSSL.I-CUBE-wolfSSH.1.4.17
2024-11-26 22:53:18,327 [INFO] ThirdParty:978 - Integrity check success = true
2024-11-26 22:53:18,327 [INFO] IntegrityCheckThread:100 - exiting critical section [integrity check]
2024-11-26 22:53:18,327 [INFO] IntegrityCheckThread:103 - End integrity checks thread
2024-11-26 22:53:18,650 [INFO] Mcu:1946 - Initializing MCU STM32F103C6Tx STM32F103C6Tx STM32F103C6T6A
2024-11-26 22:53:20,677 [INFO] Context:659 - Trying to add GPIOservice into a context  which must be forbidden
2024-11-26 22:53:21,314 [INFO] ImportTextPane:194 - (OptionalMessage_ERROR) Unable to find key (Mcu.ThirdPartyNb) in loaded IOC file
2024-11-26 22:53:21,314 [INFO] ImportTextPane:194 - (OptionalMessage_ERROR) Unable to find key (Mcu.PinsNb) in loaded IOC file
2024-11-26 22:53:21,314 [INFO] ImportTextPane:194 - (OptionalMessage_ERROR) Unable to find key (Mcu.IPNb) in loaded IOC file
2024-11-26 22:53:22,520 [INFO] RtosManager:555 - Registered RTOS mode: class=CMSIS, group=RTOS, mode=CMSIS_V1, owner=FREERTOS
2024-11-26 22:53:22,520 [INFO] RtosManager:555 - Registered RTOS mode: class=CMSIS, group=RTOS2, mode=CMSIS_V2, owner=FREERTOS
2024-11-26 22:53:22,520 [INFO] RtosManager:555 - Registered RTOS mode: class=RTOS, group=Core, mode=CMSIS_V1, owner=FREERTOS
2024-11-26 22:53:22,521 [INFO] RtosManager:555 - Registered RTOS mode: class=RTOS, group=Core, mode=CMSIS_V2, owner=FREERTOS
2024-11-26 22:53:22,521 [WARN] ModelIntegratedComponent:184 - Missing modes for component STMicroelectronics:FreeRTOS:0.0.1:STMicroelectronics:RTOS:FreeRTOS:Core:::10.2.0:
2024-11-26 22:53:22,583 [WARN] ModelIntegratedComponent:63 - No mode defined for component null
2024-11-26 22:53:22,584 [WARN] ModelIntegratedComponent:63 - No mode defined for component null
2024-11-26 22:53:22,584 [WARN] ModelIntegratedComponent:63 - No mode defined for component null
2024-11-26 22:53:22,584 [WARN] ModelIntegratedComponent:63 - No mode defined for component null
2024-11-26 22:53:22,584 [WARN] ModelIntegratedComponent:63 - No mode defined for component null
2024-11-26 22:53:22,584 [WARN] ModelIntegratedComponent:63 - No mode defined for component null
2024-11-26 22:53:22,584 [WARN] ModelIntegratedComponent:63 - No mode defined for component null
2024-11-26 22:53:22,584 [WARN] ModelIntegratedComponent:63 - No mode defined for component null
2024-11-26 22:53:22,585 [WARN] ModelIntegratedComponent:63 - No mode defined for component null
2024-11-26 22:53:22,585 [WARN] ModelIntegratedComponent:63 - No mode defined for component null
2024-11-26 22:53:22,585 [WARN] ModelIntegratedComponent:63 - No mode defined for component null
2024-11-26 22:53:22,585 [WARN] ModelIntegratedComponent:63 - No mode defined for component null
2024-11-26 22:53:22,585 [WARN] ModelIntegratedComponent:63 - No mode defined for component null
2024-11-26 22:53:22,585 [WARN] ModelIntegratedComponent:63 - No mode defined for component null
2024-11-26 22:53:22,585 [WARN] ModelIntegratedComponent:63 - No mode defined for component null
2024-11-26 22:53:22,585 [WARN] ModelIntegratedComponent:63 - No mode defined for component null
2024-11-26 22:53:22,585 [WARN] ModelIntegratedComponent:63 - No mode defined for component null
2024-11-26 22:53:22,585 [WARN] ModelIntegratedComponent:63 - No mode defined for component null
2024-11-26 22:53:22,585 [WARN] ModelIntegratedComponent:63 - No mode defined for component null
2024-11-26 22:53:22,585 [WARN] ModelIntegratedComponent:63 - No mode defined for component null
2024-11-26 22:53:22,586 [WARN] ModelIntegratedComponent:63 - No mode defined for component null
2024-11-26 22:53:22,586 [WARN] ModelIntegratedComponent:63 - No mode defined for component null
2024-11-26 22:53:22,586 [WARN] ModelIntegratedComponent:63 - No mode defined for component null
2024-11-26 22:53:22,586 [WARN] ModelIntegratedComponent:63 - No mode defined for component null
2024-11-26 22:53:22,586 [WARN] ModelIntegratedComponent:63 - No mode defined for component null
2024-11-26 22:53:22,586 [WARN] ModelIntegratedComponent:63 - No mode defined for component null
2024-11-26 22:53:22,586 [WARN] ModelIntegratedComponent:63 - No mode defined for component null
2024-11-26 22:53:22,586 [WARN] ModelIntegratedComponent:63 - No mode defined for component null
2024-11-26 22:53:22,586 [WARN] ModelIntegratedComponent:63 - No mode defined for component null
2024-11-26 22:53:22,586 [WARN] ModelIntegratedComponent:63 - No mode defined for component null
2024-11-26 22:53:22,586 [WARN] ModelIntegratedComponent:63 - No mode defined for component null
2024-11-26 22:53:22,586 [WARN] ModelIntegratedComponent:63 - No mode defined for component null
2024-11-26 22:53:22,587 [WARN] ModelIntegratedComponent:63 - No mode defined for component null
2024-11-26 22:53:22,926 [INFO] ThirdPartyModel:298 - Start build external matchings
2024-11-26 22:53:26,175 [INFO] ThirdPartyModel:316 - End build external matchings
2024-11-26 22:53:26,677 [INFO] UtilMem:75 - End LoadConfig() Used Memory: 892728072 Bytes (1073741824)
2024-11-26 22:53:26,758 [WARN] ThirdParty:833 - waiting for thirdparty lock release [change project]
2024-11-26 22:53:26,759 [INFO] ThirdParty:835 - entering critical section [change project]
2024-11-26 22:53:26,759 [INFO] ThirdParty:1030 - CMSIS Pack Vendor :STMicroelectronics X-CUBE-ISPU 1.1.0
2024-11-26 22:53:26,759 [INFO] ThirdParty:1030 - CMSIS Pack Vendor :STMicroelectronics USBPD 4.1
2024-11-26 22:53:26,759 [INFO] ThirdParty:1030 - CMSIS Pack Vendor :STMicroelectronics X-CUBE-AZRTOS-H7 3.3.0
2024-11-26 22:53:26,759 [INFO] ThirdParty:1030 - CMSIS Pack Vendor :STMicroelectronics X-CUBE-NFC9 1.0.0
2024-11-26 22:53:26,759 [INFO] ThirdParty:1030 - CMSIS Pack Vendor :STMicroelectronics X-CUBE-GNSS1 6.0.0
2024-11-26 22:53:26,759 [INFO] ThirdParty:1030 - CMSIS Pack Vendor :STMicroelectronics USB_HOST 2.0.0
2024-11-26 22:53:26,759 [INFO] ThirdParty:1030 - CMSIS Pack Vendor :STMicroelectronics FP-SNS-MOTENVWB1 1.4.0
2024-11-26 22:53:26,759 [INFO] ThirdParty:1030 - CMSIS Pack Vendor :STMicroelectronics X-CUBE-AZRTOS-F4 1.1.0
2024-11-26 22:53:26,760 [INFO] ThirdParty:1030 - CMSIS Pack Vendor :STMicroelectronics LIBJPEG 8.0.0
2024-11-26 22:53:26,760 [INFO] ThirdParty:1030 - CMSIS Pack Vendor :STMicroelectronics FP-ATR-ASTRA1 2.0.1
2024-11-26 22:53:26,760 [INFO] ThirdParty:1030 - CMSIS Pack Vendor :wolfSSL I-CUBE-wolfSSL 5.6.3
2024-11-26 22:53:26,760 [INFO] ThirdParty:1030 - CMSIS Pack Vendor :STMicroelectronics X-CUBE-SMBUS 2.1.0
2024-11-26 22:53:26,760 [INFO] ThirdParty:1030 - CMSIS Pack Vendor :STMicroelectronics X-CUBE-WB05N 1.1.0
2024-11-26 22:53:26,760 [INFO] ThirdParty:1030 - CMSIS Pack Vendor :STMicroelectronics USB_DEVICE 3.0.0
2024-11-26 22:53:26,760 [INFO] ThirdParty:1030 - CMSIS Pack Vendor :STMicroelectronics X-CUBE-TCPP 4.1.0
2024-11-26 22:53:26,760 [INFO] ThirdParty:1030 - CMSIS Pack Vendor :STMicroelectronics X-CUBE-ISPU 2.1.0
2024-11-26 22:53:26,760 [INFO] ThirdParty:1030 - CMSIS Pack Vendor :STMicroelectronics X-CUBE-FREERTOS 1.2.0
2024-11-26 22:53:26,760 [INFO] ThirdParty:1030 - CMSIS Pack Vendor :STMicroelectronics X-CUBE-AZRTOS-WB 2.0.0
2024-11-26 22:53:26,760 [INFO] ThirdParty:1030 - CMSIS Pack Vendor :STMicroelectronics X-CUBE-GNSS1 7.0.0
2024-11-26 22:53:26,760 [INFO] ThirdParty:1030 - CMSIS Pack Vendor :STMicroelectronics X-CUBE-TOUCHGFX 4.23.0
2024-11-26 22:53:26,760 [INFO] ThirdParty:1030 - CMSIS Pack Vendor :STMicroelectronics X-CUBE-AZRTOS-F7 1.1.0
2024-11-26 22:53:26,760 [INFO] ThirdParty:1030 - CMSIS Pack Vendor :STMicroelectronics X-CUBE-AZRTOS-L5 2.0.0
2024-11-26 22:53:26,760 [INFO] ThirdParty:1030 - CMSIS Pack Vendor :STMicroelectronics USB_DEVICE 2.0.0
2024-11-26 22:53:26,760 [INFO] ThirdParty:1030 - CMSIS Pack Vendor :STMicroelectronics X-CUBE-MEMS1 9.6.0
2024-11-26 22:53:26,760 [INFO] ThirdParty:1030 - CMSIS Pack Vendor :STMicroelectronics X-CUBE-EEPRMA1 4.2.0
2024-11-26 22:53:26,760 [INFO] ThirdParty:1030 - CMSIS Pack Vendor :STMicroelectronics X-CUBE-NFC6 3.1.0
2024-11-26 22:53:26,760 [INFO] ThirdParty:1030 - CMSIS Pack Vendor :ITTIA_DB I-CUBE-ITTIADB 8.8.0
2024-11-26 22:53:26,760 [INFO] ThirdParty:1030 - CMSIS Pack Vendor :STMicroelectronics FP-SNS-MOTENV1 4.3.2
2024-11-26 22:53:26,760 [INFO] ThirdParty:1030 - CMSIS Pack Vendor :STMicroelectronics X-CUBE-ALGOBUILD 1.3.0
2024-11-26 22:53:26,760 [INFO] ThirdParty:1030 - CMSIS Pack Vendor :STMicroelectronics X-CUBE-MEMS1 11.0.0
2024-11-26 22:53:26,760 [INFO] ThirdParty:1030 - CMSIS Pack Vendor :STMicroelectronics FreeRTOS 0.0.1
2024-11-26 22:53:26,761 [INFO] ThirdParty:1030 - CMSIS Pack Vendor :STMicroelectronics X-CUBE-AZRTOS-G0 1.1.0
2024-11-26 22:53:26,761 [INFO] ThirdParty:1030 - CMSIS Pack Vendor :STMicroelectronics X-CUBE-BLEMGR 2.0.0
2024-11-26 22:53:26,761 [INFO] ThirdParty:1030 - CMSIS Pack Vendor :STMicroelectronics X-CUBE-SAFEA1 1.2.2
2024-11-26 22:53:26,761 [INFO] ThirdParty:1030 - CMSIS Pack Vendor :STMicroelectronics X-CUBE-NFC4 3.0.0
2024-11-26 22:53:26,761 [INFO] ThirdParty:1030 - CMSIS Pack Vendor :STMicroelectronics X-CUBE-SUBG2 5.0.0
2024-11-26 22:53:26,761 [INFO] ThirdParty:1030 - CMSIS Pack Vendor :STMicroelectronics STM32_WPAN 1.0.0
2024-11-26 22:53:26,761 [INFO] ThirdParty:1030 - CMSIS Pack Vendor :STMicroelectronics lwIP 2.0.3
2024-11-26 22:53:26,761 [INFO] ThirdParty:1030 - CMSIS Pack Vendor :STMicroelectronics FP-SNS-FLIGHT1 5.0.2
2024-11-26 22:53:26,761 [INFO] ThirdParty:1030 - CMSIS Pack Vendor :Cesanta I-CUBE-Mongoose 7.13.0
2024-11-26 22:53:26,761 [INFO] ThirdParty:1030 - CMSIS Pack Vendor :STMicroelectronics USB_HOST 1.0.0
2024-11-26 22:53:26,761 [INFO] ThirdParty:1030 - CMSIS Pack Vendor :STMicroelectronics X-CUBE-TOF1 3.3.1
2024-11-26 22:53:26,761 [INFO] ThirdParty:1030 - CMSIS Pack Vendor :STMicroelectronics X-CUBE-AZRTOS-G4 2.0.0
2024-11-26 22:53:26,761 [INFO] ThirdParty:1030 - CMSIS Pack Vendor :STMicroelectronics PDM2PCM 3.1.0
2024-11-26 22:53:26,761 [INFO] ThirdParty:1030 - CMSIS Pack Vendor :STMicroelectronics X-CUBE-AZRTOS-H7 3.1.0
2024-11-26 22:53:26,761 [INFO] ThirdParty:1030 - CMSIS Pack Vendor :Infineon AIROC-Wi-Fi-Bluetooth-STM32 1.5.1
2024-11-26 22:53:26,762 [INFO] ThirdParty:1030 - CMSIS Pack Vendor :STMicroelectronics X-CUBE-BLEMGR 3.0.0
2024-11-26 22:53:26,762 [INFO] ThirdParty:1030 - CMSIS Pack Vendor :STMicroelectronics PDM2PCM 3.3.0
2024-11-26 22:53:26,762 [INFO] ThirdParty:1030 - CMSIS Pack Vendor :STMicroelectronics X-CUBE-DISPLAY 3.0.0
2024-11-26 22:53:26,762 [INFO] ThirdParty:1030 - CMSIS Pack Vendor :STMicroelectronics FP-SNS-MOTENVWB1 1.3.0
2024-11-26 22:53:26,762 [INFO] ThirdParty:1030 - CMSIS Pack Vendor :STMicroelectronics FP-SNS-MOTENVWB1 1.3.1
2024-11-26 22:53:26,762 [INFO] ThirdParty:1030 - CMSIS Pack Vendor :STMicroelectronics X-CUBE-BLE1 7.0.0
2024-11-26 22:53:26,762 [INFO] ThirdParty:1030 - CMSIS Pack Vendor :STMicroelectronics FP-ATR-SIGFOX1 3.2.0
2024-11-26 22:53:26,762 [INFO] ThirdParty:1030 - CMSIS Pack Vendor :STMicroelectronics X-CUBE-NFC10 1.0.0
2024-11-26 22:53:26,762 [INFO] ThirdParty:1030 - CMSIS Pack Vendor :STMicroelectronics X-CUBE-ISPU 2.0.0
2024-11-26 22:53:26,762 [INFO] ThirdParty:1030 - CMSIS Pack Vendor :STMicroelectronics X-CUBE-EEPRMA1 5.1.0
2024-11-26 22:53:26,762 [INFO] ThirdParty:1030 - CMSIS Pack Vendor :STMicroelectronics HAL Drivers 0.0.0
2024-11-26 22:53:26,762 [INFO] ThirdParty:1030 - CMSIS Pack Vendor :STMicroelectronics MBEDTLS 2.16.2
2024-11-26 22:53:26,762 [INFO] ThirdParty:1030 - CMSIS Pack Vendor :STMicroelectronics X-CUBE-ALS 1.0.2
2024-11-26 22:53:26,763 [INFO] ThirdParty:1030 - CMSIS Pack Vendor :emotas I-CUBE-CANOPEN 1.3.0
2024-11-26 22:53:26,763 [INFO] ThirdParty:1030 - CMSIS Pack Vendor :STMicroelectronics X-CUBE-MEMS1 10.0.0
2024-11-26 22:53:26,763 [INFO] ThirdParty:1030 - CMSIS Pack Vendor :STMicroelectronics X-CUBE-FREERTOS 1.1.0
2024-11-26 22:53:26,763 [INFO] ThirdParty:1030 - CMSIS Pack Vendor :STMicroelectronics X-CUBE-TOUCHGFX 4.22.0
2024-11-26 22:53:26,763 [INFO] ThirdParty:1030 - CMSIS Pack Vendor :STMicroelectronics X-CUBE-NFC7 1.0.1
2024-11-26 22:53:26,763 [INFO] ThirdParty:1030 - CMSIS Pack Vendor :STMicroelectronics MBEDTLS 2.14.1
2024-11-26 22:53:26,763 [INFO] ThirdParty:1030 - CMSIS Pack Vendor :STMicroelectronics X-CUBE-TOUCHGFX 4.22.1
2024-11-26 22:53:26,763 [INFO] ThirdParty:1030 - CMSIS Pack Vendor :STMicroelectronics X-CUBE-TOUCHGFX 4.24.1
2024-11-26 22:53:26,763 [INFO] ThirdParty:1030 - CMSIS Pack Vendor :STMicroelectronics X-CUBE-NFC6 3.0.0
2024-11-26 22:53:26,763 [INFO] ThirdParty:1030 - CMSIS Pack Vendor :wolfSSL I-CUBE-wolfTPM 3.4.0
2024-11-26 22:53:26,763 [INFO] ThirdParty:1030 - CMSIS Pack Vendor :STMicroelectronics X-CUBE-EEPRMA1 4.1.0
2024-11-26 22:53:26,763 [INFO] ThirdParty:1030 - CMSIS Pack Vendor :portGmbH I-Cube-SoM-uGOAL 1.1.0
2024-11-26 22:53:26,763 [INFO] ThirdParty:1030 - CMSIS Pack Vendor :STMicroelectronics X-CUBE-ALS 1.0.1
2024-11-26 22:53:26,763 [INFO] ThirdParty:1030 - CMSIS Pack Vendor :STMicroelectronics X-CUBE-BLEMGR 3.1.0
2024-11-26 22:53:26,763 [INFO] ThirdParty:1030 - CMSIS Pack Vendor :STMicroelectronics ThreadX 1.0.0
2024-11-26 22:53:26,764 [INFO] ThirdParty:1030 - CMSIS Pack Vendor :STMicroelectronics FP-SNS-SMARTAG2 1.2.0
2024-11-26 22:53:26,764 [INFO] ThirdParty:1030 - CMSIS Pack Vendor :STMicroelectronics X-CUBE-AZRTOS-WL 2.0.0
2024-11-26 22:53:26,764 [INFO] ThirdParty:1030 - CMSIS Pack Vendor :SEGGER I-CUBE-embOS 1.3.1
2024-11-26 22:53:26,764 [INFO] ThirdParty:1030 - CMSIS Pack Vendor :STMicroelectronics X-CUBE-ALGOBUILD 1.4.0
2024-11-26 22:53:26,764 [INFO] ThirdParty:1030 - CMSIS Pack Vendor :STMicroelectronics FP-SNS-MOTENV1 5.0.0
2024-11-26 22:53:26,764 [INFO] ThirdParty:1030 - CMSIS Pack Vendor :STMicroelectronics USB_DEVICE 1.0.0
2024-11-26 22:53:26,764 [INFO] ThirdParty:1030 - CMSIS Pack Vendor :STMicroelectronics X-CUBE-AI 8.1.0
2024-11-26 22:53:26,764 [INFO] ThirdParty:1030 - CMSIS Pack Vendor :STMicroelectronics X-CUBE-AZRTOS-H7RS 1.0.0
2024-11-26 22:53:26,764 [INFO] ThirdParty:1030 - CMSIS Pack Vendor :wolfSSL I-CUBE-wolfMQTT 1.19.0
2024-11-26 22:53:26,764 [INFO] ThirdParty:1030 - CMSIS Pack Vendor :STMicroelectronics X-CUBE-AZRTOS-L4 2.0.0
2024-11-26 22:53:26,764 [INFO] ThirdParty:1030 - CMSIS Pack Vendor :STMicroelectronics ThreadX 0.0.2
2024-11-26 22:53:26,764 [INFO] ThirdParty:1030 - CMSIS Pack Vendor :WES I-CUBE-Cesium 1.3.0
2024-11-26 22:53:26,764 [INFO] ThirdParty:1030 - CMSIS Pack Vendor :STMicroelectronics FP-ATR-ASTRA1 2.0.0
2024-11-26 22:53:26,765 [INFO] ThirdParty:1030 - CMSIS Pack Vendor :STMicroelectronics lwIP 2.1.2
2024-11-26 22:53:26,765 [INFO] ThirdParty:1030 - CMSIS Pack Vendor :STMicroelectronics X-CUBE-SFXS2LP1 4.0.0
2024-11-26 22:53:26,765 [INFO] ThirdParty:1030 - CMSIS Pack Vendor :STMicroelectronics X-CUBE-BLE2 3.3.0
2024-11-26 22:53:26,765 [INFO] ThirdParty:1030 - CMSIS Pack Vendor :STMicroelectronics X-CUBE-AI 9.1.0
2024-11-26 22:53:26,766 [INFO] ThirdParty:1030 - CMSIS Pack Vendor :STMicroelectronics X-CUBE-TOF1 3.4.0
2024-11-26 22:53:26,766 [INFO] ThirdParty:1030 - CMSIS Pack Vendor :STMicroelectronics X-CUBE-AZRTOS-H7 3.2.0
2024-11-26 22:53:26,766 [INFO] ThirdParty:1030 - CMSIS Pack Vendor :STMicroelectronics PDM2PCM 3.2.0
2024-11-26 22:53:26,766 [INFO] ThirdParty:1030 - CMSIS Pack Vendor :wolfSSL I-CUBE-wolfSSH 1.4.17
2024-11-26 22:53:26,767 [INFO] ThirdParty:841 - exiting critical section [change project]
2024-11-26 22:53:27,392 [INFO] PinOutPanel:1499 - setPackage(No Configuration,No Configuration)
2024-11-26 22:53:27,395 [INFO] PinOutPanel:1499 - setPackage(STM32F103C6Tx,LQFP48)
2024-11-26 22:53:28,297 [INFO] UtilMem:75 - Before build in PCC Used Memory: 795656368 Bytes (1073741824)
2024-11-26 22:53:29,857 [INFO] UtilMem:75 - After build in PCC Used Memory: 833933456 Bytes (1073741824)
2024-11-26 22:53:29,900 [INFO] IPUIPlugin:80 - create IPUIPlugin
2024-11-26 22:53:29,900 [INFO] IPUIPlugin:80 - create IPUIPlugin
2024-11-26 22:53:29,900 [INFO] IPUIPlugin:80 - create IPUIPlugin
2024-11-26 22:53:29,901 [INFO] IPUIPlugin:80 - create IPUIPlugin
2024-11-26 22:53:29,901 [INFO] IPUIPlugin:80 - create IPUIPlugin
2024-11-26 22:53:29,901 [INFO] IPUIPlugin:80 - create IPUIPlugin
2024-11-26 22:53:29,901 [INFO] IPUIPlugin:80 - create IPUIPlugin
2024-11-26 22:53:29,901 [INFO] IPUIPlugin:80 - create IPUIPlugin
2024-11-26 22:53:29,902 [INFO] IPUIPlugin:80 - create IPUIPlugin
2024-11-26 22:53:29,902 [INFO] IPUIPlugin:80 - create IPUIPlugin
2024-11-26 22:53:29,902 [INFO] IPUIPlugin:80 - create IPUIPlugin
2024-11-26 22:53:29,903 [INFO] IPUIPlugin:80 - create IPUIPlugin
2024-11-26 22:53:29,903 [INFO] IPUIPlugin:80 - create IPUIPlugin
2024-11-26 22:53:29,903 [INFO] IPUIPlugin:80 - create IPUIPlugin
2024-11-26 22:53:29,904 [INFO] IPUIPlugin:80 - create IPUIPlugin
2024-11-26 22:53:29,904 [INFO] IPUIPlugin:80 - create IPUIPlugin
2024-11-26 22:53:29,905 [INFO] IPUIPlugin:80 - create IPUIPlugin
2024-11-26 22:53:29,905 [INFO] IPUIPlugin:80 - create IPUIPlugin
2024-11-26 22:53:29,906 [INFO] IPUIPlugin:80 - create IPUIPlugin
2024-11-26 22:53:29,906 [INFO] IPUIPlugin:80 - create IPUIPlugin
2024-11-26 22:53:29,906 [INFO] IPUIPlugin:80 - create IPUIPlugin
2024-11-26 22:53:29,907 [INFO] IPUIPlugin:80 - create IPUIPlugin
2024-11-26 22:53:29,907 [INFO] IPUIPlugin:80 - create IPUIPlugin
2024-11-26 22:53:30,312 [INFO] CADModel:165 - CPN selected for project levelSTM32F103C6T6A
2024-11-26 22:53:30,312 [INFO] CADModel:114 - Register for checkConnection events
2024-11-26 22:53:30,368 [INFO] OpenFileManager:328 - Restore cursor
2024-11-26 22:53:32,763 [INFO] UtilMem:75 - End SaveConfig() Used Memory: 912064224 Bytes (1073741824)
2024-11-26 22:53:37,459 [ERROR] FileExtend:455 - File entry not found
2024-11-26 22:53:37,460 [INFO] FileExtend:240 - Unzip File : stm32cube_fw_f1_v180.zip
2024-11-26 22:53:37,461 [INFO] FileExtend:255 - Standard Zip Deflate
2024-11-26 22:54:31,423 [INFO] ServerAccessManage:473 - Download File stm32cube_fw_f1_v186.zip
2024-11-26 22:54:47,440 [INFO] FileExtend:240 - Unzip File : stm32cube_fw_f1_v186.zip
2024-11-26 22:54:47,441 [INFO] FileExtend:255 - Standard Zip Deflate
2024-11-26 22:55:23,053 [INFO] LoadServerPackagesThread:196 - End of LoadServerPackages Thread
2024-11-26 22:55:23,806 [INFO] ThirdPartyModel:298 - Start build external matchings
2024-11-26 22:55:23,835 [INFO] UtilMem:75 - End SaveConfig() Used Memory: 707379360 Bytes (1073741824)
2024-11-26 22:55:26,581 [INFO] BlockDiagram:2759 - set Specific Code input for plugin: NVIC
2024-11-26 22:55:26,581 [INFO] BlockDiagram:2759 - set Specific Code input for plugin: RCC
2024-11-26 22:55:26,583 [INFO] CodeGenerator:799 - code generatio: config db path: C:\ST\STM32CubeIDE_1.13.2\STM32CubeIDE\plugins\com.st.stm32cube.common.mx_6.9.2.202309101412\\db\
2024-11-26 22:55:28,345 [INFO] CodeEngine:255 - oldGeneratedFile, D:\OutOfSchool\Project_trafficLight\WorkSpace\TrafficLight\MXTmpFiles\license.tmp_save
2024-11-26 22:55:31,257 [INFO] CodeEngine:279 - Generated code: D:\OutOfSchool\Project_trafficLight\WorkSpace\TrafficLight\MXTmpFiles\license.tmp
2024-11-26 22:55:31,610 [INFO] CodeEngine:255 - oldGeneratedFile, D:\OutOfSchool\Project_trafficLight\WorkSpace\TrafficLight\Core\Src\stm32f1xx_it.c_save
2024-11-26 22:55:32,974 [INFO] CodeEngine:279 - Generated code: D:\OutOfSchool\Project_trafficLight\WorkSpace\TrafficLight\Core\Src\stm32f1xx_it.c
2024-11-26 22:55:33,039 [INFO] CodeEngine:255 - oldGeneratedFile, D:\OutOfSchool\Project_trafficLight\WorkSpace\TrafficLight\Core\Inc\stm32f1xx_it.h_save
2024-11-26 22:55:33,641 [INFO] CodeEngine:279 - Generated code: D:\OutOfSchool\Project_trafficLight\WorkSpace\TrafficLight\Core\Inc\stm32f1xx_it.h
2024-11-26 22:55:34,266 [INFO] CodeEngine:255 - oldGeneratedFile, D:\OutOfSchool\Project_trafficLight\WorkSpace\TrafficLight\Core\Src\stm32f1xx_hal_msp.c_save
2024-11-26 22:55:35,349 [INFO] CodeEngine:279 - Generated code: D:\OutOfSchool\Project_trafficLight\WorkSpace\TrafficLight\Core\Src\stm32f1xx_hal_msp.c
2024-11-26 22:55:35,380 [INFO] CodeEngine:255 - oldGeneratedFile, D:\OutOfSchool\Project_trafficLight\WorkSpace\TrafficLight\MXTmpFiles\system.tmp_save
2024-11-26 22:55:35,638 [INFO] CodeEngine:279 - Generated code: D:\OutOfSchool\Project_trafficLight\WorkSpace\TrafficLight\MXTmpFiles\system.tmp
2024-11-26 22:55:35,678 [INFO] CodeEngine:311 - oldGeneratedFile, D:\OutOfSchool\Project_trafficLight\WorkSpace\TrafficLight\Core\Inc\stm32f1xx_hal_conf.h_save
2024-11-26 22:55:36,049 [INFO] CodeEngine:335 - Generated code: D:\OutOfSchool\Project_trafficLight\WorkSpace\TrafficLight\Core\Inc\stm32f1xx_hal_conf.h
2024-11-26 22:55:36,277 [INFO] CodeEngine:255 - oldGeneratedFile, D:\OutOfSchool\Project_trafficLight\WorkSpace\TrafficLight\Core\Inc\main.h_save
2024-11-26 22:55:36,691 [INFO] CodeEngine:279 - Generated code: D:\OutOfSchool\Project_trafficLight\WorkSpace\TrafficLight\Core\Inc\main.h
2024-11-26 22:55:36,742 [INFO] CodeEngine:255 - oldGeneratedFile, D:\OutOfSchool\Project_trafficLight\WorkSpace\TrafficLight\Core\Src\main.c_save
2024-11-26 22:55:37,292 [INFO] CodeEngine:279 - Generated code: D:\OutOfSchool\Project_trafficLight\WorkSpace\TrafficLight\Core\Src\main.c
2024-11-26 22:55:38,698 [INFO] ThirdPartyModel:316 - End build external matchings
2024-11-26 22:55:38,760 [INFO] CheckServerUpdateThread:120 - End of CheckServer Thread
2024-11-26 22:55:39,648 [INFO] ProjectBuilder:3064 - Time for Copy HAL[1] : 836mS.
2024-11-26 22:55:39,663 [INFO] ProjectBuilder:4404 - Project Generator version: 4.1.0
2024-11-26 22:55:40,748 [INFO] ConfigFileManager:1457 - The Die is : DIE412
2024-11-26 22:55:40,809 [INFO] ApiDbMcu:507 - Load IP Config File for FATFS
2024-11-26 22:55:40,875 [INFO] ApiDbMcu:507 - Load IP Config File for FREERTOS
2024-11-26 22:55:40,919 [INFO] ApiDbMcu:507 - Load IP Config File for USB_DEVICE
2024-11-26 22:55:43,711 [INFO] LogOutputStream:77 - [STDOUT_REDIRECT] 
2024-11-26 22:55:53,197 [INFO] ProjectBuilder:4626 - Time for Generating toolchain IDE Files: 13533mS.
2024-11-26 22:55:53,199 [INFO] ProjectBuilder:2935 - Time for Copy CMSIS : 1mS.
2024-11-26 22:55:53,201 [INFO] ProjectBuilder:2935 - Time for Copy CMSIS : 0mS.
2024-11-26 22:55:55,438 [INFO] McuFinderGlobals:76 - Set McuFinderConnectedMode to true
2024-11-26 22:55:55,446 [INFO] ApiDb:448 - Save user favorites file C:\Users\HP/.stm32cubeide/favorites.mcus.txt: 0 item(s)
2024-11-26 22:55:55,446 [INFO] ApiDb:452 - User favorites MCUs=[]
2024-11-26 22:55:55,452 [INFO] ApiDb:448 - Save user favorites file C:\Users\HP/.stm32cubeide/favorites.boards.txt: 0 item(s)
2024-11-26 22:55:55,452 [INFO] ApiDb:452 - User favorites Boards=[]
